[Mon Jun 10 19:36:32 2024] Reading CPU information from SystemInfo.xml
[Mon Jun 10 19:36:32 2024] Processors: 1, Cores per processor: 10
[Mon Jun 10 19:36:32 2024] Requested cores: 0
[Mon Jun 10 19:36:32 2024] Using 9 ranks
[Mon Jun 10 19:36:32 2024] analysis path: C:\Users\USER\Documents\Project CES\Anduril F1\CFD - T2 (( Trail 1\F1-V2 SUCCESS\Design 1\Scenario 1
[Mon Jun 10 19:36:32 2024] Listen on port 54108
[Mon Jun 10 19:36:32 2024] Notification failed: Email file C:\ProgramData\Autodesk\CFD 2024\Analyze/job3/job/email.xml not found
[Mon Jun 10 19:36:32 2024] Start processing tasks
[Mon Jun 10 19:36:32 2024] Starting task: Start Messaging
[Mon Jun 10 19:36:32 2024] Task finished in 0.00 sec
[Mon Jun 10 19:36:32 2024] Starting task: Start Notifications
[Mon Jun 10 19:36:32 2024] Task finished in 0.00 sec
[Mon Jun 10 19:36:32 2024] Starting task: Run Job
[Mon Jun 10 19:36:32 2024] startJob
[Mon Jun 10 19:36:32 2024] Creating C:\ProgramData\Autodesk\CFD 2024\Analyze/job3/job.bat
[Mon Jun 10 19:36:32 2024] Command: cmd.exe /c job.bat
[Mon Jun 10 19:36:32 2024]  output:C:\ProgramData\Autodesk\CFD 2024\Analyze\job3>cd C:\Program Files\Autodesk\CFD 2024
[Mon Jun 10 19:36:32 2024]  output:C:\Program Files\Autodesk\CFD 2024>"C:\Program Files\Autodesk\CFD 2024/CFDMesher.exe" "C:\Users\USER\Documents\Project CES\Anduril F1\CFD - T2 (( Trail 1\F1-V2 SUCCESS\Design 1\Scenario 1/job/job.jso
[Mon Jun 10 19:36:32 2024]  output:n" -jobId=3 -cloudJobId=  -b -gui  -useJobFile  -port=54108
[Mon Jun 10 19:36:32 2024]  output:Autodesk CFDMesher, version: 24.0.43
[Mon Jun 10 19:36:32 2024]  output:Analysis path = C:/Users/USER/Documents/Project CES/Anduril F1/CFD - T2 (( Trail 1/F1-V2 SUCCESS/Design 1/Scenario 1/job
[Mon Jun 10 19:36:32 2024]  output:Analysis name = Scenario 1
[Mon Jun 10 19:37:10 2024] Processing mesher exited
[Mon Jun 10 19:37:10 2024]  output:C:\Program Files\Autodesk\CFD 2024>
[Mon Jun 10 19:37:10 2024]  output:set
[Mon Jun 10 19:37:10 2024]  output:E=0
[Mon Jun 10 19:37:10 2024]  output:C:\Program Files\Autodesk\CFD 2024>
[Mon Jun 10 19:37:10 2024]  output:IF
[Mon Jun 10 19:37:10 2024]  output:0 NEQ 0
[Mon Jun 10 19:37:10 2024]  output:goto EOF
[Mon Jun 10 19:37:10 2024]  output:C:\Program Files\Autodesk\CFD 2024>
[Mon Jun 10 19:37:10 2024]  output:"C:\Program Files\Autodesk\CFD 2024/mpiexec.exe"
[Mon Jun 10 19:37:10 2024]  output:-n 9 "C:\Program Files\Autodesk\CFD 2024/CFDSolver.exe" "C:\Users\USER\Documents\Project CES\Anduril F1\CFD - T2 (( Trail 1\F1-V2 SUCCESS\Design 1\Scenario 1/job/job.json" -jobId=3 -cloudJobId=  -gu
[Mon Jun 10 19:37:10 2024]  output:i  -useJobFile  -port=54108 -mpi  -license="3|0|1|2|13311|2024.0.0.F|0|0|N"
[Mon Jun 10 19:37:11 2024]  output:Autodesk CFDSolver, version: 24.0.43
[Mon Jun 10 19:37:11 2024]  output:Server = 127.0.0.1
[Mon Jun 10 19:37:11 2024]  output:Program Dir = C:\Program Files\Autodesk\CFD 2024
[Mon Jun 10 19:37:11 2024]  output:Analysis Path = C:/Users/USER/Documents/Project CES/Anduril F1/CFD - T2 (( Trail 1/F1-V2 SUCCESS/Design 1/Scenario 1/job
[Mon Jun 10 19:37:11 2024]  output:Analysis Name = Scenario 1
[Mon Jun 10 19:37:11 2024]  output:Headnode is:StarForge-FS
[Mon Jun 10 19:37:11 2024]  output:Number of ranks: 9
[Mon Jun 10 19:37:11 2024]  output:Number of Nodes: 1
[Mon Jun 10 19:37:11 2024]  output:Node Names:
[Mon Jun 10 19:37:11 2024]  output:StarForge-FS
[Mon Jun 10 19:37:11 2024]  output:*** CFD Screen File Output ***
[Mon Jun 10 19:37:11 2024]  output:CFD 2024 () [43]
[Mon Jun 10 19:37:11 2024]  output:Job Name = Scenario 1   Date created: Mon Jun 10 19:37:11 2024
[Mon Jun 10 19:37:17 2024] Processing results ready
[Mon Jun 10 19:37:17 2024]  output:1 file(s) copied.
[Mon Jun 10 19:37:40 2024]  output:Final 8-way CUT:   9552 	Balance: 1.000
[Mon Jun 10 19:37:40 2024]  output:avg: 1.000
[Mon Jun 10 19:37:55 2024]  output:Final 8-way CUT:   3408 	Balance:
[Mon Jun 10 19:37:55 2024]  output:1.002
[Mon Jun 10 19:37:55 2024]  output:avg: 1.002
[Mon Jun 10 19:37:55 2024]  output:Broadcast element topology
[Mon Jun 10 19:37:55 2024]  output:Distributing element data
[Mon Jun 10 19:37:55 2024]  output:Processor 0 element parsing boundaries 26390 35903
[Mon Jun 10 19:37:55 2024]  output:Processor 1 element parsing boundaries 26405 35900
[Mon Jun 10 19:37:55 2024]  output:Processor 2 element parsing boundaries 26416 35892
[Mon Jun 10 19:37:55 2024]  output:Processor 3 element parsing boundaries 26407 35902
[Mon Jun 10 19:37:55 2024]  output:Processor 4 element parsing boundaries 26398 35892
[Mon Jun 10 19:37:55 2024]  output:Processor 5 element parsing boundaries 26416 35912
[Mon Jun 10 19:37:55 2024]  output:Processor 6 element parsing boundaries 26421 35893
[Mon Jun 10 19:37:55 2024]  output:Processor 7 element parsing boundaries 26413 35928
[Mon Jun 10 19:37:55 2024]  output:Distributing nodes
[Mon Jun 10 19:37:56 2024]  output:Processor 0 node parsing boundaries 9433 11662 12866 12993
[Mon Jun 10 19:37:56 2024]  output:Processor 1 node parsing boundaries 9629 13308 14356 14747
[Mon Jun 10 19:37:56 2024]  output:Processor 2 node parsing boundaries 9580 14101 15198 15275
[Mon Jun 10 19:37:56 2024]  output:Processor 3 node parsing boundaries 9290 11910 13008 13207
[Mon Jun 10 19:37:56 2024]  output:Processor 4 node parsing boundaries 9250 11891 13150 13159
[Mon Jun 10 19:37:56 2024]  output:Processor 5 node parsing boundaries 8156 10128 11397 11397
[Mon Jun 10 19:37:56 2024]  output:Processor 6 node parsing boundaries 9433 11258 12423 12758
[Mon Jun 10 19:37:56 2024]  output:Processor 7 node parsing boundaries 9561 11686 12802 13068
[Mon Jun 10 19:37:56 2024]  output:local to global mapping
[Mon Jun 10 19:37:56 2024]  output:Distributing field arrays
[Mon Jun 10 19:37:56 2024]  output:Field Vector updates
[Mon Jun 10 19:38:01 2024]  output:Distributing wall elements
[Mon Jun 10 19:38:02 2024]  output:Distributing wall node data
[Mon Jun 10 19:38:02 2024]  output:Distributing transient field arrays
[Mon Jun 10 19:38:02 2024]  output:Distributing element BC data
[Mon Jun 10 19:38:02 2024]  output:NumCFMSurfs                               0
[Mon Jun 10 19:38:02 2024]  output:>
[Mon Jun 10 19:38:02 2024]  output:>
[Mon Jun 10 19:38:02 2024]  output:>
[Mon Jun 10 19:38:03 2024]  output:>
[Mon Jun 10 19:38:03 2024]  output:>
[Mon Jun 10 19:38:03 2024]  output:>
[Mon Jun 10 19:38:03 2024]  output:>
[Mon Jun 10 19:38:03 2024]  output:>
[Mon Jun 10 19:38:03 2024]  output:>
[Mon Jun 10 19:38:03 2024]  output:1
[Mon Jun 10 19:38:03 2024]  output:>
[Mon Jun 10 19:38:03 2024]  output:>
[Mon Jun 10 19:38:03 2024]  output:>
[Mon Jun 10 19:38:03 2024]  output:>
[Mon Jun 10 19:38:03 2024]  output:>
[Mon Jun 10 19:38:03 2024]  output:>
[Mon Jun 10 19:38:03 2024]  output:>
[Mon Jun 10 19:38:04 2024]  output:>
[Mon Jun 10 19:38:04 2024]  output:>
[Mon Jun 10 19:38:04 2024]  output:2
[Mon Jun 10 19:38:04 2024]  output:>
[Mon Jun 10 19:38:04 2024]  output:>
[Mon Jun 10 19:38:04 2024]  output:>
[Mon Jun 10 19:38:04 2024]  output:>
[Mon Jun 10 19:38:04 2024]  output:>
[Mon Jun 10 19:38:04 2024]  output:>
[Mon Jun 10 19:38:04 2024]  output:>
[Mon Jun 10 19:38:04 2024]  output:>
[Mon Jun 10 19:38:04 2024]  output:>
[Mon Jun 10 19:38:04 2024]  output:3
[Mon Jun 10 19:38:04 2024]  output:>
[Mon Jun 10 19:38:04 2024]  output:>
[Mon Jun 10 19:38:04 2024]  output:>
[Mon Jun 10 19:38:05 2024]  output:>
[Mon Jun 10 19:38:05 2024]  output:>
[Mon Jun 10 19:38:05 2024]  output:>
[Mon Jun 10 19:38:05 2024]  output:>
[Mon Jun 10 19:38:05 2024]  output:>
[Mon Jun 10 19:38:05 2024]  output:>
[Mon Jun 10 19:38:05 2024]  output:4
[Mon Jun 10 19:38:05 2024]  output:>
[Mon Jun 10 19:38:05 2024]  output:>
[Mon Jun 10 19:38:05 2024]  output:>
[Mon Jun 10 19:38:05 2024]  output:>
[Mon Jun 10 19:38:05 2024]  output:>
[Mon Jun 10 19:38:05 2024]  output:>
[Mon Jun 10 19:38:05 2024]  output:>
[Mon Jun 10 19:38:05 2024]  output:>
[Mon Jun 10 19:38:05 2024]  output:>
[Mon Jun 10 19:38:06 2024]  output:5
[Mon Jun 10 19:38:06 2024]  output:>
[Mon Jun 10 19:38:06 2024]  output:>
[Mon Jun 10 19:38:06 2024]  output:>
[Mon Jun 10 19:38:06 2024]  output:>
[Mon Jun 10 19:38:06 2024]  output:>
[Mon Jun 10 19:38:06 2024]  output:>
[Mon Jun 10 19:38:06 2024]  output:>
[Mon Jun 10 19:38:06 2024]  output:>
[Mon Jun 10 19:38:06 2024]  output:>
[Mon Jun 10 19:38:06 2024]  output:6
[Mon Jun 10 19:38:06 2024]  output:>
[Mon Jun 10 19:38:06 2024]  output:>
[Mon Jun 10 19:38:06 2024]  output:>
[Mon Jun 10 19:38:06 2024]  output:>
[Mon Jun 10 19:38:06 2024]  output:>
[Mon Jun 10 19:38:06 2024]  output:>
[Mon Jun 10 19:38:07 2024]  output:>
[Mon Jun 10 19:38:07 2024]  output:>
[Mon Jun 10 19:38:07 2024]  output:>
[Mon Jun 10 19:38:07 2024]  output:7
[Mon Jun 10 19:38:07 2024]  output:>
[Mon Jun 10 19:38:07 2024]  output:>
[Mon Jun 10 19:38:07 2024]  output:>
[Mon Jun 10 19:38:07 2024]  output:>
[Mon Jun 10 19:38:07 2024]  output:>
[Mon Jun 10 19:38:07 2024]  output:>
[Mon Jun 10 19:38:07 2024]  output:>
[Mon Jun 10 19:38:07 2024]  output:>
[Mon Jun 10 19:38:07 2024]  output:>
[Mon Jun 10 19:38:07 2024]  output:8
[Mon Jun 10 19:38:07 2024]  output:>
[Mon Jun 10 19:38:08 2024]  output:>
[Mon Jun 10 19:38:08 2024]  output:>
[Mon Jun 10 19:38:08 2024]  output:>
[Mon Jun 10 19:38:08 2024]  output:>
[Mon Jun 10 19:38:08 2024]  output:>
[Mon Jun 10 19:38:08 2024]  output:>
[Mon Jun 10 19:38:08 2024]  output:>
[Mon Jun 10 19:38:08 2024]  output:>
[Mon Jun 10 19:38:08 2024]  output:9
[Mon Jun 10 19:38:08 2024]  output:>
[Mon Jun 10 19:38:08 2024]  output:>
[Mon Jun 10 19:38:08 2024]  output:>
[Mon Jun 10 19:38:08 2024]  output:>
[Mon Jun 10 19:38:08 2024]  output:>
[Mon Jun 10 19:38:08 2024]  output:>
[Mon Jun 10 19:38:08 2024]  output:>
[Mon Jun 10 19:38:08 2024]  output:>
[Mon Jun 10 19:38:08 2024]  output:>$ 6.281399 s
[Mon Jun 10 19:38:09 2024]  output:NumCFMParts                               0
[Mon Jun 10 19:38:09 2024]  output:>>>>>>>>>1>>>>>>>>>2>>>>>>>>>3>>>>>>>>>4>>>>>>>>>5>>>>>>>>>6>>>>>>>>>7>>>>>>>>>8>>>>>>>>>9>>>>>>>>>$ 0.044316 s
[Mon Jun 10 19:38:09 2024]  output:Set up flow matrix
[Mon Jun 10 19:38:10 2024]  output:Building fluid ghost node communications
[Mon Jun 10 19:38:10 2024]  output:Building fluid wall ghost node communications
[Mon Jun 10 19:38:10 2024]  output:Building fluid assembly communications
[Mon Jun 10 19:38:10 2024]  output:Set up thermal matrix
[Mon Jun 10 19:38:11 2024]  output:Building thermal ghost node communications
[Mon Jun 10 19:38:11 2024]  output:Building thermal assembly communications
[Mon Jun 10 19:38:11 2024]  output:Building off-processor buffers
[Mon Jun 10 19:38:11 2024]  output:Building optimal comm partners
[Mon Jun 10 19:38:11 2024]  output:Checking parallel mapping pointers...
[Mon Jun 10 19:38:11 2024]  output:Slaves report no flow mapping errors
[Mon Jun 10 19:38:11 2024]  output:Master reports no flow mapping errors
[Mon Jun 10 19:38:11 2024]  output:Slaves report no thermal mapping errors
[Mon Jun 10 19:38:11 2024]  output:Master reports no thermal mapping errors
[Mon Jun 10 19:38:11 2024]  output:Parallel Set Up required 53.078000 seconds - Total
[Mon Jun 10 19:38:11 2024]  output:Distributing flow length data
[Mon Jun 10 19:38:23 2024]  output:Setting affinity
[Mon Jun 10 19:38:23 2024]  output:Setting affinity
[Mon Jun 10 19:38:23 2024]  output:Setting affinity
[Mon Jun 10 19:38:23 2024]  output:Setting affinity
[Mon Jun 10 19:38:23 2024]  output:Setting affinity
[Mon Jun 10 19:38:23 2024]  output:Setting affinity
[Mon Jun 10 19:38:23 2024]  output:Setting affinity
[Mon Jun 10 19:38:23 2024]  output:Setting affinity
[Mon Jun 10 19:38:24 2024]  output:Ave Values = 0.000000 6.101756 0.000000 0.000000 273.150000 0.000206 116270.400160 0.000000
[Mon Jun 10 19:38:24 2024]  output:solving kPhi 4
[Mon Jun 10 19:39:44 2024] Processing results ready
[Mon Jun 10 19:39:47 2024]  output:Ave Values = 0.325377 188.016838 0.005216 10899.896629 0.000000 0.000206 116270.400160 0.000000
[Mon Jun 10 19:39:47 2024]  output:Iter   Vx Vel     Vy Vel     Vz Vel     Press     TurbK     TurbD
[Mon Jun 10 19:39:47 2024]  output:1 0.00e+00 0.00e+00 0.00e+00 7.54e+01 0.00e+00 0.00e+00
[Mon Jun 10 19:39:47 2024]  output:solving kPhi 1
[Mon Jun 10 19:39:48 2024]  output:Iteration Solve time: CPU time = 1.995000 Iterations = 7 Residual = 3.177164e-01
[Mon Jun 10 19:39:50 2024]  output:solving kPhi 2
[Mon Jun 10 19:39:51 2024]  output:Iteration Solve time: CPU time = 1.860000 Iterations = 8 Residual = 1.460230e+00
[Mon Jun 10 19:39:55 2024]  output:solving kPhi 3
[Mon Jun 10 19:39:56 2024]  output:Iteration Solve time: CPU time = 3.135000 Iterations = 7 Residual = 5.084360e-01
[Mon Jun 10 19:39:59 2024]  output:solving kPhi 4
[Mon Jun 10 19:40:51 2024] Processing results ready
[Mon Jun 10 19:40:53 2024]  output:Ave Values = 0.697796 202.361706 -0.134201 4606.538651 0.000000 0.000206 116270.400160 0.000000
[Mon Jun 10 19:40:53 2024]  output:2 6.76e+04 3.30e+05 6.88e+04 4.61e+01 0.00e+00 0.00e+00
[Mon Jun 10 19:40:53 2024]  output:solving kPhi 1
[Mon Jun 10 19:40:54 2024]  output:Iteration Solve time: CPU time = 2.397000 Iterations = 8 Residual = 4.440323e-01
[Mon Jun 10 19:40:58 2024]  output:solving kPhi 2
[Mon Jun 10 19:40:59 2024]  output:Iteration Solve time: CPU time = 3.018000 Iterations = 8 Residual = 1.848791e+00
[Mon Jun 10 19:41:03 2024]  output:solving kPhi 3
[Mon Jun 10 19:41:05 2024]  output:Iteration Solve time: CPU time = 3.470000 Iterations = 8 Residual = 5.834403e-01
[Mon Jun 10 19:41:08 2024]  output:solving kPhi 4
[Mon Jun 10 19:41:55 2024] Processing results ready
[Mon Jun 10 19:41:58 2024]  output:Ave Values = 0.812170 207.549175 1.564623 799.257198 0.000000 0.000206 116270.400160 0.000000
[Mon Jun 10 19:41:58 2024]  output:3 1.15e+05 3.96e+05 1.19e+05 9.81e+00 0.00e+00 0.00e+00
[Mon Jun 10 19:41:58 2024]  output:solving kPhi 1
[Mon Jun 10 19:42:00 2024]  output:Iteration Solve time: CPU time = 3.044000 Iterations = 9 Residual = 4.495039e-01
[Mon Jun 10 19:42:04 2024]  output:solving kPhi 2
[Mon Jun 10 19:42:06 2024]  output:Iteration Solve time: CPU time = 3.710000 Iterations = 9 Residual = 1.487139e+00
[Mon Jun 10 19:42:10 2024]  output:solving kPhi 3
[Mon Jun 10 19:42:11 2024]  output:Iteration Solve time: CPU time = 3.328000 Iterations = 9 Residual = 6.320519e-01
[Mon Jun 10 19:42:14 2024]  output:solving kPhi 4
[Mon Jun 10 19:43:12 2024] Processing results ready
[Mon Jun 10 19:43:15 2024]  output:Ave Values = 0.913081 212.808076 3.495839 -962.584461 0.000000 0.000206 116270.400160 0.000000
[Mon Jun 10 19:43:15 2024]  output:4 8.91e+04 3.57e+05 9.75e+04 2.27e+01 0.00e+00 0.00e+00
[Mon Jun 10 19:43:15 2024]  output:solving kPhi 1
[Mon Jun 10 19:43:16 2024]  output:Iteration Solve time: CPU time = 2.642000 Iterations = 9 Residual = 4.824266e-01
[Mon Jun 10 19:43:19 2024]  output:solving kPhi 2
[Mon Jun 10 19:43:20 2024]  output:Iteration Solve time: CPU time = 1.943000 Iterations = 9 Residual = 1.951599e+00
[Mon Jun 10 19:43:23 2024]  output:solving kPhi 3
[Mon Jun 10 19:43:25 2024]  output:Iteration Solve time: CPU time = 3.551000 Iterations = 9 Residual = 5.870498e-01
[Mon Jun 10 19:43:28 2024]  output:solving kPhi 4
[Mon Jun 10 19:44:15 2024] Processing results ready
[Mon Jun 10 19:44:18 2024]  output:Ave Values = 0.966609 218.232096 5.348438 -1581.428906 0.000000 0.000206 116270.400160 0.000000
[Mon Jun 10 19:44:18 2024]  output:5 6.69e+04 2.97e+05 7.65e+04 2.49e+01 0.00e+00 0.00e+00
[Mon Jun 10 19:44:18 2024]  output:solving kPhi 1
[Mon Jun 10 19:44:19 2024]  output:Iteration Solve time: CPU time = 2.208000 Iterations = 10 Residual = 2.086532e-01
[Mon Jun 10 19:44:21 2024]  output:solving kPhi 2
[Mon Jun 10 19:44:23 2024]  output:Iteration Solve time: CPU time = 2.451000 Iterations = 9 Residual = 1.609544e+00
[Mon Jun 10 19:44:27 2024]  output:solving kPhi 3
[Mon Jun 10 19:44:29 2024]  output:Iteration Solve time: CPU time = 3.806000 Iterations = 10 Residual = 2.121199e-01
[Mon Jun 10 19:44:32 2024]  output:solving kPhi 4
[Mon Jun 10 19:45:18 2024] Processing results ready
[Mon Jun 10 19:45:20 2024]  output:Ave Values = 0.933026 223.814124 7.105146 -1622.105559 0.000000 0.000206 116270.400160 0.000000
[Mon Jun 10 19:45:20 2024]  output:6 5.78e+04 2.45e+05 6.70e+04 2.19e+01 0.00e+00 0.00e+00
[Mon Jun 10 19:45:20 2024]  output:solving kPhi 1
[Mon Jun 10 19:45:21 2024]  output:Iteration Solve time: CPU time = 1.974000 Iterations = 10 Residual = 2.079483e-01
[Mon Jun 10 19:45:24 2024]  output:solving kPhi 2
[Mon Jun 10 19:45:26 2024]  output:Iteration Solve time: CPU time = 3.153000 Iterations = 9 Residual = 1.194205e+00
[Mon Jun 10 19:45:30 2024]  output:solving kPhi 3
[Mon Jun 10 19:45:32 2024]  output:Iteration Solve time: CPU time = 3.874000 Iterations = 10 Residual = 2.151290e-01
[Mon Jun 10 19:45:35 2024]  output:solving kPhi 4
[Mon Jun 10 19:46:22 2024] Processing results ready
[Mon Jun 10 19:46:24 2024]  output:Ave Values = 0.796642 229.294707 8.761954 -1445.227780 0.000000 0.000206 116270.400160 0.000000
[Mon Jun 10 19:46:24 2024]  output:7 5.46e+04 2.04e+05 6.29e+04 1.75e+01 0.00e+00 0.00e+00
[Mon Jun 10 19:46:24 2024]  output:solving kPhi 1
[Mon Jun 10 19:46:26 2024]  output:Iteration Solve time: CPU time = 3.101000 Iterations = 10 Residual = 2.314347e-01
[Mon Jun 10 19:46:30 2024]  output:solving kPhi 2
[Mon Jun 10 19:46:32 2024]  output:Iteration Solve time: CPU time = 3.287000 Iterations = 9 Residual = 7.848091e-01
[Mon Jun 10 19:46:36 2024]  output:solving kPhi 3
[Mon Jun 10 19:46:37 2024]  output:Iteration Solve time: CPU time = 3.354000 Iterations = 9 Residual = 5.886867e-01
[Mon Jun 10 19:46:40 2024]  output:solving kPhi 4
[Mon Jun 10 19:47:22 2024] Processing results ready
[Mon Jun 10 19:47:22 2024]  output:Ave Values = 0.598682 234.569983 10.272099 -1203.415528 0.000000 0.000206 116270.400160 0.000000
[Mon Jun 10 19:47:22 2024]  output:8 5.19e+04 1.69e+05 5.92e+04 1.32e+01 0.00e+00 0.00e+00
[Mon Jun 10 19:47:22 2024]  output:solving kPhi 1
[Mon Jun 10 19:47:22 2024]  output:Iteration Solve time: CPU time = 0.013000 Iterations = 10 Residual = 2.061941e-01
[Mon Jun 10 19:47:22 2024]  output:solving kPhi 2
[Mon Jun 10 19:47:22 2024]  output:Iteration Solve time: CPU time = 0.012000 Iterations = 9 Residual = 6.212399e-01
[Mon Jun 10 19:47:23 2024]  output:solving kPhi 3
[Mon Jun 10 19:47:23 2024]  output:Iteration Solve time: CPU time = 0.012000 Iterations = 9 Residual = 5.086498e-01
[Mon Jun 10 19:47:23 2024]  output:solving kPhi 4
[Mon Jun 10 19:47:27 2024] Processing results ready
[Mon Jun 10 19:47:27 2024]  output:Ave Values = 0.351883 239.653304 11.620469 -988.526183 0.000000 0.000206 116270.400160 0.000000
[Mon Jun 10 19:47:27 2024]  output:9 4.85e+04 1.42e+05 5.50e+04 9.54e+00 0.00e+00 0.00e+00
[Mon Jun 10 19:47:27 2024]  output:solving kPhi 1
[Mon Jun 10 19:47:27 2024]  output:Iteration Solve time: CPU time = 0.013000 Iterations = 9 Residual = 3.938339e-01
[Mon Jun 10 19:47:27 2024]  output:solving kPhi 2
[Mon Jun 10 19:47:27 2024]  output:Iteration Solve time: CPU time = 0.012000 Iterations = 9 Residual = 6.011291e-01
[Mon Jun 10 19:47:28 2024]  output:solving kPhi 3
[Mon Jun 10 19:47:28 2024]  output:Iteration Solve time: CPU time = 0.038000 Iterations = 9 Residual = 3.806489e-01
[Mon Jun 10 19:47:30 2024]  output:solving kPhi 4
[Mon Jun 10 19:47:33 2024] Processing results ready
[Mon Jun 10 19:47:34 2024]  output:Ave Values = 0.072127 244.579905 12.816447 -830.376888 0.000000 0.000206 116270.400160 0.000000
[Mon Jun 10 19:47:34 2024]  output:10 4.46e+04 1.22e+05 5.07e+04 6.80e+00 0.00e+00 0.00e+00
[Mon Jun 10 19:47:34 2024]  output:solving kPhi 1
[Mon Jun 10 19:47:34 2024]  output:Iteration Solve time: CPU time = 0.013000 Iterations = 9 Residual = 2.461498e-01
[Mon Jun 10 19:47:34 2024]  output:solving kPhi 2
[Mon Jun 10 19:47:34 2024]  output:Iteration Solve time: CPU time = 0.012000 Iterations = 9 Residual = 6.511602e-01
[Mon Jun 10 19:47:34 2024]  output:solving kPhi 3
[Mon Jun 10 19:47:34 2024]  output:Iteration Solve time: CPU time = 0.012000 Iterations = 9 Residual = 3.108210e-01
[Mon Jun 10 19:47:35 2024]  output:solving kPhi 4
[Mon Jun 10 19:47:39 2024]  output:solving kPhi 6
[Mon Jun 10 19:47:39 2024]  output:Iteration Solve time: CPU time = 0.013000 Iterations = 9 Residual = 8.593236e-05
[Mon Jun 10 19:47:41 2024]  output:solving kPhi 7
[Mon Jun 10 19:47:41 2024]  output:Iteration Solve time: CPU time = 0.602000 Iterations = 13 Residual = 1.810171e+02
[Mon Jun 10 19:47:42 2024] Processing results ready
[Mon Jun 10 19:47:42 2024]  output:Ave Values = -0.233096 249.383596 13.876702 -711.957107 0.000000 0.000249 311897.457883 0.000000
[Mon Jun 10 19:47:42 2024]  output:11 4.08e+04 1.09e+05 4.67e+04 4.87e+00 1.10e+01 2.47e+07
[Mon Jun 10 19:47:42 2024]  output:solving kPhi 1
[Mon Jun 10 19:47:42 2024]  output:Iteration Solve time: CPU time = 0.012000 Iterations = 9 Residual = 1.909609e-01
[Mon Jun 10 19:47:43 2024]  output:solving kPhi 2
[Mon Jun 10 19:47:43 2024]  output:Iteration Solve time: CPU time = 0.012000 Iterations = 9 Residual = 7.279370e-01
[Mon Jun 10 19:47:43 2024]  output:solving kPhi 3
[Mon Jun 10 19:47:43 2024]  output:Iteration Solve time: CPU time = 0.013000 Iterations = 9 Residual = 3.161851e-01
[Mon Jun 10 19:47:44 2024]  output:solving kPhi 4
[Mon Jun 10 19:47:51 2024]  output:solving kPhi 6
[Mon Jun 10 19:47:51 2024]  output:Iteration Solve time: CPU time = 0.013000 Iterations = 10 Residual = 4.139004e-05
[Mon Jun 10 19:47:51 2024]  output:solving kPhi 7
[Mon Jun 10 19:47:51 2024]  output:Iteration Solve time: CPU time = 0.015000 Iterations = 13 Residual = 9.406679e+01
[Mon Jun 10 19:47:51 2024] Processing results ready
[Mon Jun 10 19:47:52 2024]  output:Ave Values = -0.555239 254.095550 14.818695 -620.677396 0.000000 0.000291 352037.927696 0.000000
[Mon Jun 10 19:47:52 2024]  output:12 3.73e+04 1.00e+05 4.31e+04 3.57e+00 7.45e+00 1.72e+07
[Mon Jun 10 19:47:52 2024]  output:solving kPhi 1
[Mon Jun 10 19:47:52 2024]  output:Iteration Solve time: CPU time = 0.012000 Iterations = 9 Residual = 1.870605e-01
[Mon Jun 10 19:47:52 2024]  output:solving kPhi 2
[Mon Jun 10 19:47:52 2024]  output:Iteration Solve time: CPU time = 0.012000 Iterations = 9 Residual = 8.084124e-01
[Mon Jun 10 19:47:52 2024]  output:solving kPhi 3
[Mon Jun 10 19:47:52 2024]  output:Iteration Solve time: CPU time = 0.011000 Iterations = 9 Residual = 3.446778e-01
[Mon Jun 10 19:47:53 2024]  output:solving kPhi 4
[Mon Jun 10 19:47:56 2024]  output:solving kPhi 6
[Mon Jun 10 19:47:56 2024]  output:Iteration Solve time: CPU time = 0.013000 Iterations = 10 Residual = 3.606076e-05
[Mon Jun 10 19:47:56 2024]  output:solving kPhi 7
[Mon Jun 10 19:47:56 2024]  output:Iteration Solve time: CPU time = 0.013000 Iterations = 12 Residual = 9.433118e+01
[Mon Jun 10 19:47:57 2024] Processing results ready
[Mon Jun 10 19:47:57 2024]  output:Ave Values = -0.886393 258.738511 15.657997 -550.716243 0.000000 0.000344 384126.656556 0.000000
[Mon Jun 10 19:47:57 2024]  output:13 3.42e+04 9.38e+04 3.99e+04 2.74e+00 5.99e+00 1.33e+07
[Mon Jun 10 19:47:57 2024]  output:solving kPhi 1
[Mon Jun 10 19:47:57 2024]  output:Iteration Solve time: CPU time = 0.012000 Iterations = 9 Residual = 1.952820e-01
[Mon Jun 10 19:47:58 2024]  output:solving kPhi 2
[Mon Jun 10 19:48:01 2024]  output:Iteration Solve time: CPU time = 3.092000 Iterations = 9 Residual = 8.804257e-01
[Mon Jun 10 19:48:05 2024]  output:solving kPhi 3
[Mon Jun 10 19:48:05 2024]  output:Iteration Solve time: CPU time = 0.513000 Iterations = 10 Residual = 1.101201e-01
[Mon Jun 10 19:48:05 2024]  output:solving kPhi 4
[Mon Jun 10 19:48:09 2024]  output:solving kPhi 6
[Mon Jun 10 19:48:09 2024]  output:Iteration Solve time: CPU time = 0.013000 Iterations = 10 Residual = 3.439332e-05
[Mon Jun 10 19:48:10 2024]  output:solving kPhi 7
[Mon Jun 10 19:48:10 2024]  output:Iteration Solve time: CPU time = 0.013000 Iterations = 12 Residual = 5.458829e+01
[Mon Jun 10 19:48:10 2024] Processing results ready
[Mon Jun 10 19:48:11 2024]  output:Ave Values = -1.218993 263.329770 16.409028 -496.844214 0.000000 0.000415 410883.745391 0.000000
[Mon Jun 10 19:48:11 2024]  output:14 3.15e+04 8.88e+04 3.72e+04 2.22e+00 5.22e+00 1.07e+07
[Mon Jun 10 19:48:11 2024]  output:solving kPhi 1
[Mon Jun 10 19:48:11 2024]  output:Iteration Solve time: CPU time = 0.012000 Iterations = 9 Residual = 2.038973e-01
[Mon Jun 10 19:48:11 2024]  output:solving kPhi 2
[Mon Jun 10 19:48:11 2024]  output:Iteration Solve time: CPU time = 0.012000 Iterations = 10 Residual = 2.814538e-01
[Mon Jun 10 19:48:11 2024]  output:solving kPhi 3
[Mon Jun 10 19:48:11 2024]  output:Iteration Solve time: CPU time = 0.015000 Iterations = 10 Residual = 1.175482e-01
[Mon Jun 10 19:48:11 2024]  output:solving kPhi 4
[Mon Jun 10 19:48:16 2024]  output:solving kPhi 6
[Mon Jun 10 19:48:16 2024]  output:Iteration Solve time: CPU time = 0.013000 Iterations = 10 Residual = 3.403960e-05
[Mon Jun 10 19:48:16 2024]  output:solving kPhi 7
[Mon Jun 10 19:48:16 2024]  output:Iteration Solve time: CPU time = 0.012000 Iterations = 10 Residual = 7.858020e+01
[Mon Jun 10 19:48:17 2024] Processing results ready
[Mon Jun 10 19:48:18 2024]  output:Ave Values = -1.546709 267.882316 17.082961 -454.978333 0.000000 0.000519 433903.372007 0.000000
[Mon Jun 10 19:48:18 2024]  output:15 2.92e+04 8.46e+04 3.48e+04 1.89e+00 4.78e+00 8.65e+06
[Mon Jun 10 19:48:18 2024]  output:solving kPhi 1
[Mon Jun 10 19:48:18 2024]  output:Iteration Solve time: CPU time = 0.098000 Iterations = 9 Residual = 2.109636e-01
[Mon Jun 10 19:48:18 2024]  output:solving kPhi 2
[Mon Jun 10 19:48:18 2024]  output:Iteration Solve time: CPU time = 0.014000 Iterations = 10 Residual = 2.976467e-01
[Mon Jun 10 19:48:19 2024]  output:solving kPhi 3
[Mon Jun 10 19:48:19 2024]  output:Iteration Solve time: CPU time = 0.013000 Iterations = 10 Residual = 1.232785e-01
[Mon Jun 10 19:48:19 2024]  output:solving kPhi 4
[Mon Jun 10 19:48:23 2024]  output:solving kPhi 6
[Mon Jun 10 19:48:23 2024]  output:Iteration Solve time: CPU time = 0.007000 Iterations = 10 Residual = 3.629554e-05
[Mon Jun 10 19:48:23 2024]  output:solving kPhi 7
[Mon Jun 10 19:48:23 2024]  output:Iteration Solve time: CPU time = 0.006000 Iterations = 9 Residual = 3.266178e+01
[Mon Jun 10 19:48:24 2024] Processing results ready
[Mon Jun 10 19:48:26 2024]  output:Ave Values = -1.863989 272.402512 17.689781 -420.716101 0.000000 0.000678 454189.440644 0.000000
[Mon Jun 10 19:48:26 2024]  output:16 2.72e+04 8.11e+04 3.26e+04 1.66e+00 4.50e+00 7.00e+06
[Mon Jun 10 19:48:26 2024]  output:solving kPhi 1
[Mon Jun 10 19:48:28 2024]  output:Iteration Solve time: CPU time = 2.913000 Iterations = 9 Residual = 2.161398e-01
[Mon Jun 10 19:48:31 2024]  output:solving kPhi 2
[Mon Jun 10 19:48:33 2024]  output:Iteration Solve time: CPU time = 2.931000 Iterations = 10 Residual = 3.111051e-01
[Mon Jun 10 19:48:37 2024]  output:solving kPhi 3
[Mon Jun 10 19:48:37 2024]  output:Iteration Solve time: CPU time = 1.124000 Iterations = 10 Residual = 1.274441e-01
[Mon Jun 10 19:48:37 2024]  output:solving kPhi 4
[Mon Jun 10 19:48:38 2024]  output:solving kPhi 6
[Mon Jun 10 19:48:38 2024]  output:Iteration Solve time: CPU time = 0.012000 Iterations = 10 Residual = 3.503798e-05
[Mon Jun 10 19:48:41 2024]  output:solving kPhi 7
[Mon Jun 10 19:48:42 2024]  output:Iteration Solve time: CPU time = 1.715000 Iterations = 9 Residual = 5.104936e+01
[Mon Jun 10 19:48:46 2024] Processing results ready
[Mon Jun 10 19:48:47 2024]  output:Ave Values = -2.166827 276.894267 18.237603 -392.490313 0.000000 0.000934 472096.110459 0.000000
[Mon Jun 10 19:48:47 2024]  output:17 2.54e+04 7.80e+04 3.08e+04 1.51e+00 4.30e+00 5.72e+06
[Mon Jun 10 19:48:47 2024]  output:solving kPhi 1
[Mon Jun 10 19:48:47 2024]  output:Iteration Solve time: CPU time = 0.012000 Iterations = 9 Residual = 2.194081e-01
[Mon Jun 10 19:48:47 2024]  output:solving kPhi 2
[Mon Jun 10 19:48:47 2024]  output:Iteration Solve time: CPU time = 0.012000 Iterations = 10 Residual = 3.219408e-01
[Mon Jun 10 19:48:47 2024]  output:solving kPhi 3
[Mon Jun 10 19:48:47 2024]  output:Iteration Solve time: CPU time = 0.012000 Iterations = 10 Residual = 1.302441e-01
[Mon Jun 10 19:48:47 2024]  output:solving kPhi 4
[Mon Jun 10 19:48:56 2024]  output:solving kPhi 6
[Mon Jun 10 19:48:58 2024]  output:Iteration Solve time: CPU time = 2.431000 Iterations = 10 Residual = 3.403370e-05
[Mon Jun 10 19:49:00 2024]  output:solving kPhi 7
[Mon Jun 10 19:49:02 2024]  output:Iteration Solve time: CPU time = 2.031000 Iterations = 10 Residual = 3.424638e+01
[Mon Jun 10 19:49:12 2024] Processing results ready
[Mon Jun 10 19:49:14 2024]  output:Ave Values = -2.452140 281.357958 18.734035 -368.022285 0.000000 0.001357 487834.524453 0.000000
[Mon Jun 10 19:49:14 2024]  output:18 2.39e+04 7.53e+04 2.91e+04 1.39e+00 4.20e+00 4.70e+06
[Mon Jun 10 19:49:14 2024]  output:solving kPhi 1
[Mon Jun 10 19:49:16 2024]  output:Iteration Solve time: CPU time = 2.594000 Iterations = 9 Residual = 2.209568e-01
[Mon Jun 10 19:49:19 2024]  output:solving kPhi 2
[Mon Jun 10 19:49:20 2024]  output:Iteration Solve time: CPU time = 1.993000 Iterations = 10 Residual = 3.302634e-01
[Mon Jun 10 19:49:23 2024]  output:solving kPhi 3
[Mon Jun 10 19:49:25 2024]  output:Iteration Solve time: CPU time = 3.191000 Iterations = 10 Residual = 1.318722e-01
[Mon Jun 10 19:49:27 2024]  output:solving kPhi 4
[Mon Jun 10 19:50:01 2024]  output:solving kPhi 6
[Mon Jun 10 19:50:03 2024]  output:Iteration Solve time: CPU time = 2.485000 Iterations = 10 Residual = 3.756356e-05
[Mon Jun 10 19:50:05 2024]  output:solving kPhi 7
[Mon Jun 10 19:50:07 2024]  output:Iteration Solve time: CPU time = 1.843000 Iterations = 10 Residual = 3.794688e+01
[Mon Jun 10 19:50:19 2024] Processing results ready
[Mon Jun 10 19:50:22 2024]  output:Ave Values = -2.717918 285.793626 19.185591 -345.715705 0.000000 0.002078 501566.508149 0.000000
[Mon Jun 10 19:50:22 2024]  output:19 2.26e+04 7.28e+04 2.76e+04 1.29e+00 4.23e+00 3.88e+06
[Mon Jun 10 19:50:22 2024]  output:solving kPhi 1
[Mon Jun 10 19:50:23 2024]  output:Iteration Solve time: CPU time = 2.371000 Iterations = 10 Residual = 6.592211e-02
[Mon Jun 10 19:50:27 2024]  output:solving kPhi 2
[Mon Jun 10 19:50:28 2024]  output:Iteration Solve time: CPU time = 2.800000 Iterations = 10 Residual = 3.365464e-01
[Mon Jun 10 19:50:33 2024]  output:solving kPhi 3
[Mon Jun 10 19:50:34 2024]  output:Iteration Solve time: CPU time = 3.655000 Iterations = 10 Residual = 1.325464e-01
[Mon Jun 10 19:50:37 2024]  output:solving kPhi 4
[Mon Jun 10 19:50:50 2024]  output:solving kPhi 6
[Mon Jun 10 19:50:50 2024]  output:Iteration Solve time: CPU time = 0.013000 Iterations = 11 Residual = 1.946422e-05
[Mon Jun 10 19:50:51 2024]  output:solving kPhi 7
[Mon Jun 10 19:50:51 2024]  output:Iteration Solve time: CPU time = 0.012000 Iterations = 11 Residual = 1.797492e+01
[Mon Jun 10 19:50:51 2024] Processing results ready
[Mon Jun 10 19:50:51 2024]  output:Ave Values = -2.962141 290.200756 19.597483 -324.577294 0.000000 0.003343 513440.562294 0.000000
[Mon Jun 10 19:50:51 2024]  output:20 2.14e+04 7.05e+04 2.63e+04 1.20e+00 4.50e+00 3.22e+06
[Mon Jun 10 19:50:51 2024]  output:solving kPhi 1
[Mon Jun 10 19:50:51 2024]  output:Iteration Solve time: CPU time = 0.013000 Iterations = 10 Residual = 6.577233e-02
[Mon Jun 10 19:50:52 2024]  output:solving kPhi 2
[Mon Jun 10 19:50:52 2024]  output:Iteration Solve time: CPU time = 0.013000 Iterations = 10 Residual = 3.412507e-01
[Mon Jun 10 19:50:52 2024]  output:solving kPhi 3
[Mon Jun 10 19:50:52 2024]  output:Iteration Solve time: CPU time = 0.014000 Iterations = 10 Residual = 1.324929e-01
[Mon Jun 10 19:50:52 2024]  output:solving kPhi 4
[Mon Jun 10 19:51:22 2024]  output:solving kPhi 6
[Mon Jun 10 19:51:23 2024]  output:Iteration Solve time: CPU time = 2.088000 Iterations = 11 Residual = 2.684205e-05
[Mon Jun 10 19:51:25 2024]  output:solving kPhi 7
[Mon Jun 10 19:51:27 2024]  output:Iteration Solve time: CPU time = 2.246000 Iterations = 11 Residual = 1.765386e+01
[Mon Jun 10 19:51:40 2024] Processing results ready
[Mon Jun 10 19:51:42 2024]  output:Ave Values = -3.183435 294.577403 19.974781 -303.271356 0.000000 0.005641 523610.064073 0.000000
[Mon Jun 10 19:51:42 2024]  output:21 2.04e+04 6.85e+04 2.51e+04 1.13e+00 5.24e+00 2.68e+06
[Mon Jun 10 19:51:42 2024]  output:solving kPhi 1
[Mon Jun 10 19:51:43 2024]  output:Iteration Solve time: CPU time = 2.446000 Iterations = 10 Residual = 6.373137e-02
[Mon Jun 10 19:51:46 2024]  output:solving kPhi 2
[Mon Jun 10 19:51:48 2024]  output:Iteration Solve time: CPU time = 2.647000 Iterations = 10 Residual = 3.389626e-01
[Mon Jun 10 19:51:51 2024]  output:solving kPhi 3
[Mon Jun 10 19:51:52 2024]  output:Iteration Solve time: CPU time = 2.446000 Iterations = 10 Residual = 1.293929e-01
[Mon Jun 10 19:51:54 2024]  output:solving kPhi 4
[Mon Jun 10 19:52:30 2024]  output:solving kPhi 6
[Mon Jun 10 19:52:32 2024]  output:Iteration Solve time: CPU time = 2.339000 Iterations = 11 Residual = 4.267584e-05
[Mon Jun 10 19:52:34 2024]  output:solving kPhi 7
[Mon Jun 10 19:52:36 2024]  output:Iteration Solve time: CPU time = 2.470000 Iterations = 13 Residual = 8.013967e+00
[Mon Jun 10 19:52:48 2024] Processing results ready
[Mon Jun 10 19:52:49 2024]  output:Ave Values = -3.395058 299.142878 20.347133 -285.650042 0.000000 0.010471 530077.963462 0.000000
[Mon Jun 10 19:52:49 2024]  output:22 1.95e+04 6.67e+04 2.40e+04 1.09e+00 6.84e+00 1.55e+06
[Mon Jun 10 19:52:49 2024]  output:solving kPhi 1
[Mon Jun 10 19:52:51 2024]  output:Iteration Solve time: CPU time = 1.872000 Iterations = 10 Residual = 6.181262e-02
[Mon Jun 10 19:52:52 2024]  output:solving kPhi 2
[Mon Jun 10 19:52:53 2024]  output:Iteration Solve time: CPU time = 1.354000 Iterations = 10 Residual = 3.360655e-01
[Mon Jun 10 19:52:57 2024]  output:solving kPhi 3
[Mon Jun 10 19:52:59 2024]  output:Iteration Solve time: CPU time = 3.437000 Iterations = 10 Residual = 1.263744e-01
[Mon Jun 10 19:53:02 2024]  output:solving kPhi 4
[Mon Jun 10 19:53:38 2024]  output:solving kPhi 6
[Mon Jun 10 19:53:40 2024]  output:Iteration Solve time: CPU time = 1.904000 Iterations = 11 Residual = 8.135437e-05
[Mon Jun 10 19:53:43 2024]  output:solving kPhi 7
[Mon Jun 10 19:53:46 2024]  output:Iteration Solve time: CPU time = 3.434000 Iterations = 13 Residual = 9.398511e+00
[Mon Jun 10 19:53:59 2024] Processing results ready
[Mon Jun 10 19:53:59 2024]  output:Ave Values = -3.593117 303.892549 20.714505 -269.509697 0.000000 0.021666 533026.211114 0.000000
[Mon Jun 10 19:53:59 2024]  output:23 1.88e+04 6.50e+04 2.30e+04 1.06e+00 1.01e+01 1.18e+06
[Mon Jun 10 19:53:59 2024]  output:solving kPhi 1
[Mon Jun 10 19:53:59 2024]  output:Iteration Solve time: CPU time = 0.013000 Iterations = 10 Residual = 6.004276e-02
[Mon Jun 10 19:53:59 2024]  output:solving kPhi 2
[Mon Jun 10 19:53:59 2024]  output:Iteration Solve time: CPU time = 0.012000 Iterations = 10 Residual = 3.329003e-01
[Mon Jun 10 19:54:00 2024]  output:solving kPhi 3
[Mon Jun 10 19:54:00 2024]  output:Iteration Solve time: CPU time = 0.014000 Iterations = 10 Residual = 1.234710e-01
[Mon Jun 10 19:54:00 2024]  output:solving kPhi 4
[Mon Jun 10 19:54:20 2024]  output:solving kPhi 6
[Mon Jun 10 19:54:20 2024]  output:Iteration Solve time: CPU time = 0.014000 Iterations = 11 Residual = 1.605135e-04
[Mon Jun 10 19:54:21 2024]  output:solving kPhi 7
[Mon Jun 10 19:54:21 2024]  output:Iteration Solve time: CPU time = 0.014000 Iterations = 13 Residual = 9.412776e+00
[Mon Jun 10 19:54:21 2024] Processing results ready
[Mon Jun 10 19:54:21 2024]  output:Ave Values = -3.774432 308.824458 21.076512 -253.972819 0.000000 0.050604 532745.679917 0.000000
[Mon Jun 10 19:54:21 2024]  output:24 1.81e+04 6.35e+04 2.22e+04 1.04e+00 1.70e+01 1.33e+06
[Mon Jun 10 19:54:21 2024]  output:solving kPhi 1
[Mon Jun 10 19:54:21 2024]  output:Iteration Solve time: CPU time = 0.012000 Iterations = 10 Residual = 5.841380e-02
[Mon Jun 10 19:54:21 2024]  output:solving kPhi 2
[Mon Jun 10 19:54:21 2024]  output:Iteration Solve time: CPU time = 0.012000 Iterations = 10 Residual = 3.294845e-01
[Mon Jun 10 19:54:21 2024]  output:solving kPhi 3
[Mon Jun 10 19:54:21 2024]  output:Iteration Solve time: CPU time = 0.013000 Iterations = 10 Residual = 1.206826e-01
[Mon Jun 10 19:54:22 2024]  output:solving kPhi 4
[Mon Jun 10 19:54:24 2024]  output:solving kPhi 6
[Mon Jun 10 19:54:24 2024]  output:Iteration Solve time: CPU time = 0.017000 Iterations = 12 Residual = 2.003566e-04
[Mon Jun 10 19:54:25 2024]  output:solving kPhi 7
[Mon Jun 10 19:54:25 2024]  output:Iteration Solve time: CPU time = 0.014000 Iterations = 13 Residual = 8.807357e+00
[Mon Jun 10 19:54:25 2024] Processing results ready
[Mon Jun 10 19:54:25 2024]  output:Ave Values = -3.936223 313.936066 21.433134 -238.268324 0.000000 0.134452 529619.699811 0.000000
[Mon Jun 10 19:54:25 2024]  output:25 1.76e+04 6.23e+04 2.14e+04 1.02e+00 3.38e+01 1.57e+06
[Mon Jun 10 19:54:25 2024]  output:solving kPhi 1
[Mon Jun 10 19:54:25 2024]  output:Iteration Solve time: CPU time = 0.013000 Iterations = 10 Residual = 5.692515e-02
[Mon Jun 10 19:54:30 2024]  output:solving kPhi 2
[Mon Jun 10 19:54:33 2024]  output:Iteration Solve time: CPU time = 4.777000 Iterations = 10 Residual = 3.259461e-01
[Mon Jun 10 19:54:37 2024]  output:solving kPhi 3
[Mon Jun 10 19:54:37 2024]  output:Iteration Solve time: CPU time = 0.630000 Iterations = 10 Residual = 1.179771e-01
[Mon Jun 10 19:54:38 2024]  output:solving kPhi 4
[Mon Jun 10 19:54:49 2024]  output:solving kPhi 6
[Mon Jun 10 19:54:49 2024]  output:Iteration Solve time: CPU time = 0.014000 Iterations = 12 Residual = 5.079810e-04
[Mon Jun 10 19:54:49 2024]  output:solving kPhi 7
[Mon Jun 10 19:54:49 2024]  output:Iteration Solve time: CPU time = 0.013000 Iterations = 12 Residual = 1.734484e+01
[Mon Jun 10 19:54:49 2024] Processing results ready
[Mon Jun 10 19:54:52 2024]  output:Ave Values = -4.075682 319.225596 21.784370 -222.713366 0.000000 0.401666 524090.997774 0.000000
[Mon Jun 10 19:54:52 2024]  output:26 1.71e+04 6.11e+04 2.07e+04 1.01e+00 7.80e+01 1.74e+06
[Mon Jun 10 19:54:52 2024]  output:solving kPhi 1
[Mon Jun 10 19:54:52 2024]  output:Iteration Solve time: CPU time = 0.599000 Iterations = 10 Residual = 5.557798e-02
[Mon Jun 10 19:54:52 2024]  output:solving kPhi 2
[Mon Jun 10 19:54:52 2024]  output:Iteration Solve time: CPU time = 0.013000 Iterations = 10 Residual = 3.224580e-01
[Mon Jun 10 19:54:52 2024]  output:solving kPhi 3
[Mon Jun 10 19:54:53 2024]  output:Iteration Solve time: CPU time = 0.013000 Iterations = 10 Residual = 1.153733e-01
[Mon Jun 10 19:54:53 2024]  output:solving kPhi 4
[Mon Jun 10 19:54:56 2024]  output:solving kPhi 6
[Mon Jun 10 19:54:56 2024]  output:Iteration Solve time: CPU time = 0.016000 Iterations = 12 Residual = 1.109745e-03
[Mon Jun 10 19:54:56 2024]  output:solving kPhi 7
[Mon Jun 10 19:54:56 2024]  output:Iteration Solve time: CPU time = 0.014000 Iterations = 12 Residual = 1.548106e+01
[Mon Jun 10 19:54:56 2024] Processing results ready
[Mon Jun 10 19:54:57 2024]  output:Ave Values = -4.190543 324.689845 22.130938 -206.483924 0.000000 1.273290 516625.249983 0.000000
[Mon Jun 10 19:54:57 2024]  output:27 1.66e+04 6.01e+04 2.01e+04 9.91e-01 1.83e+02 1.81e+06
[Mon Jun 10 19:54:57 2024]  output:solving kPhi 1
[Mon Jun 10 19:54:57 2024]  output:Iteration Solve time: CPU time = 0.014000 Iterations = 10 Residual = 5.438409e-02
[Mon Jun 10 19:54:57 2024]  output:solving kPhi 2
[Mon Jun 10 19:54:57 2024]  output:Iteration Solve time: CPU time = 0.013000 Iterations = 10 Residual = 3.190749e-01
[Mon Jun 10 19:54:57 2024]  output:solving kPhi 3
[Mon Jun 10 19:54:57 2024]  output:Iteration Solve time: CPU time = 0.014000 Iterations = 10 Residual = 1.128662e-01
[Mon Jun 10 19:54:57 2024]  output:solving kPhi 4
[Mon Jun 10 19:55:02 2024]  output:solving kPhi 6
[Mon Jun 10 19:55:02 2024]  output:Iteration Solve time: CPU time = 0.008000 Iterations = 12 Residual = 3.193203e-03
[Mon Jun 10 19:55:04 2024]  output:solving kPhi 7
[Mon Jun 10 19:55:06 2024]  output:Iteration Solve time: CPU time = 2.157000 Iterations = 12 Residual = 1.376278e+01
[Mon Jun 10 19:55:17 2024] Processing results ready
[Mon Jun 10 19:55:19 2024]  output:Ave Values = -4.279196 330.326419 22.473357 -189.769805 0.000000 4.044155 507676.742963 0.000000
[Mon Jun 10 19:55:19 2024]  output:28 1.62e+04 5.92e+04 1.95e+04 9.79e-01 4.67e+02 1.80e+06
[Mon Jun 10 19:55:19 2024]  output:solving kPhi 1
[Mon Jun 10 19:55:20 2024]  output:Iteration Solve time: CPU time = 1.920000 Iterations = 10 Residual = 5.332577e-02
[Mon Jun 10 19:55:23 2024]  output:solving kPhi 2
[Mon Jun 10 19:55:24 2024]  output:Iteration Solve time: CPU time = 2.580000 Iterations = 10 Residual = 3.157718e-01
[Mon Jun 10 19:55:29 2024]  output:solving kPhi 3
[Mon Jun 10 19:55:30 2024]  output:Iteration Solve time: CPU time = 3.708000 Iterations = 10 Residual = 1.104495e-01
[Mon Jun 10 19:55:33 2024]  output:solving kPhi 4
[Mon Jun 10 19:56:08 2024]  output:solving kPhi 6
[Mon Jun 10 19:56:10 2024]  output:Iteration Solve time: CPU time = 2.601000 Iterations = 12 Residual = 9.962761e-03
[Mon Jun 10 19:56:12 2024]  output:solving kPhi 7
[Mon Jun 10 19:56:14 2024]  output:Iteration Solve time: CPU time = 2.222000 Iterations = 12 Residual = 1.226929e+01
[Mon Jun 10 19:56:24 2024] Processing results ready
[Mon Jun 10 19:56:27 2024]  output:Ave Values = -4.340715 336.132285 22.812727 -172.296214 0.000000 12.687438 497662.634336 0.000000
[Mon Jun 10 19:56:27 2024]  output:29 1.59e+04 5.84e+04 1.90e+04 9.71e-01 1.36e+03 1.73e+06
[Mon Jun 10 19:56:27 2024]  output:solving kPhi 1
[Mon Jun 10 19:56:28 2024]  output:Iteration Solve time: CPU time = 2.846000 Iterations = 10 Residual = 5.240444e-02
[Mon Jun 10 19:56:32 2024]  output:solving kPhi 2
[Mon Jun 10 19:56:33 2024]  output:Iteration Solve time: CPU time = 3.035000 Iterations = 10 Residual = 3.125449e-01
[Mon Jun 10 19:56:38 2024]  output:solving kPhi 3
[Mon Jun 10 19:56:40 2024]  output:Iteration Solve time: CPU time = 3.973000 Iterations = 10 Residual = 1.081344e-01
[Mon Jun 10 19:56:43 2024]  output:solving kPhi 4
[Mon Jun 10 19:57:17 2024]  output:solving kPhi 6
[Mon Jun 10 19:57:18 2024]  output:Iteration Solve time: CPU time = 2.102000 Iterations = 12 Residual = 2.889110e-02
[Mon Jun 10 19:57:20 2024]  output:solving kPhi 7
[Mon Jun 10 19:57:21 2024]  output:Iteration Solve time: CPU time = 1.515000 Iterations = 12 Residual = 1.100732e+01
[Mon Jun 10 19:57:34 2024] Processing results ready
[Mon Jun 10 19:57:36 2024]  output:Ave Values = -4.374389 342.105195 23.150062 -154.214932 0.000000 37.246171 486946.040959 0.000000
[Mon Jun 10 19:57:36 2024]  output:30 1.55e+04 5.76e+04 1.85e+04 9.67e-01 4.04e+03 1.62e+06
[Mon Jun 10 19:57:36 2024]  output:solving kPhi 1
[Mon Jun 10 19:57:38 2024]  output:Iteration Solve time: CPU time = 2.584000 Iterations = 10 Residual = 5.161129e-02
[Mon Jun 10 19:57:41 2024]  output:solving kPhi 2
[Mon Jun 10 19:57:42 2024]  output:Iteration Solve time: CPU time = 2.710000 Iterations = 10 Residual = 3.093609e-01
[Mon Jun 10 19:57:46 2024]  output:solving kPhi 3
[Mon Jun 10 19:57:47 2024]  output:Iteration Solve time: CPU time = 2.931000 Iterations = 10 Residual = 1.058999e-01
[Mon Jun 10 19:57:49 2024]  output:solving kPhi 4
[Mon Jun 10 19:58:23 2024]  output:solving kPhi 6
[Mon Jun 10 19:58:25 2024]  output:Iteration Solve time: CPU time = 2.439000 Iterations = 11 Residual = 8.306997e-02
[Mon Jun 10 19:58:27 2024]  output:solving kPhi 7
[Mon Jun 10 19:58:29 2024]  output:Iteration Solve time: CPU time = 2.233000 Iterations = 12 Residual = 9.949094e+00
[Mon Jun 10 19:58:41 2024] Processing results ready
[Mon Jun 10 19:58:43 2024]  output:Ave Values = -4.380432 348.242740 23.487031 -135.050262 0.000000 93.149067 475827.827622 0.000000
[Mon Jun 10 19:58:43 2024]  output:31 1.52e+04 5.69e+04 1.81e+04 9.64e-01 8.39e+03 1.49e+06
[Mon Jun 10 19:58:43 2024]  output:solving kPhi 1
[Mon Jun 10 19:58:45 2024]  output:Iteration Solve time: CPU time = 2.690000 Iterations = 10 Residual = 5.093876e-02
[Mon Jun 10 19:58:48 2024]  output:solving kPhi 2
[Mon Jun 10 19:58:49 2024]  output:Iteration Solve time: CPU time = 2.442000 Iterations = 10 Residual = 3.063188e-01
[Mon Jun 10 19:58:52 2024]  output:solving kPhi 3
[Mon Jun 10 19:58:53 2024]  output:Iteration Solve time: CPU time = 2.419000 Iterations = 10 Residual = 1.037549e-01
[Mon Jun 10 19:58:55 2024]  output:solving kPhi 4
[Mon Jun 10 19:59:41 2024]  output:solving kPhi 6
[Mon Jun 10 19:59:43 2024]  output:Iteration Solve time: CPU time = 2.706000 Iterations = 12 Residual = 6.470776e-02
[Mon Jun 10 19:59:46 2024]  output:solving kPhi 7
[Mon Jun 10 19:59:48 2024]  output:Iteration Solve time: CPU time = 2.196000 Iterations = 12 Residual = 9.056406e+00
[Mon Jun 10 20:00:00 2024] Processing results ready
[Mon Jun 10 20:00:01 2024]  output:Ave Values = -4.360029 354.544121 23.825073 -115.444950 0.000000 192.862814 464545.985505 0.000000
[Mon Jun 10 20:00:01 2024]  output:32 1.49e+04 5.63e+04 1.77e+04 9.61e-01 1.38e+04 1.35e+06
[Mon Jun 10 20:00:01 2024]  output:solving kPhi 1
[Mon Jun 10 20:00:04 2024]  output:Iteration Solve time: CPU time = 2.279000 Iterations = 10 Residual = 5.037957e-02
[Mon Jun 10 20:00:08 2024]  output:solving kPhi 2
[Mon Jun 10 20:00:09 2024]  output:Iteration Solve time: CPU time = 3.438000 Iterations = 10 Residual = 3.033769e-01
[Mon Jun 10 20:00:14 2024]  output:solving kPhi 3
[Mon Jun 10 20:00:16 2024]  output:Iteration Solve time: CPU time = 4.036000 Iterations = 10 Residual = 1.017006e-01
[Mon Jun 10 20:00:19 2024]  output:solving kPhi 4
[Mon Jun 10 20:01:00 2024]  output:solving kPhi 6
[Mon Jun 10 20:01:03 2024]  output:Iteration Solve time: CPU time = 3.170000 Iterations = 12 Residual = 1.547402e-01
[Mon Jun 10 20:01:05 2024]  output:solving kPhi 7
[Mon Jun 10 20:01:08 2024]  output:Iteration Solve time: CPU time = 2.597000 Iterations = 12 Residual = 8.292724e+00
[Mon Jun 10 20:01:19 2024] Processing results ready
[Mon Jun 10 20:01:22 2024]  output:Ave Values = -4.314986 361.009431 24.165272 -95.796263 0.000000 359.264661 453279.812422 0.000000
[Mon Jun 10 20:01:22 2024]  output:33 1.46e+04 5.58e+04 1.73e+04 9.60e-01 2.55e+04 1.22e+06
[Mon Jun 10 20:01:22 2024]  output:solving kPhi 1
[Mon Jun 10 20:01:23 2024]  output:Iteration Solve time: CPU time = 3.275000 Iterations = 10 Residual = 4.991824e-02
[Mon Jun 10 20:01:27 2024]  output:solving kPhi 2
[Mon Jun 10 20:01:29 2024]  output:Iteration Solve time: CPU time = 3.608000 Iterations = 10 Residual = 3.005012e-01
[Mon Jun 10 20:01:36 2024]  output:solving kPhi 3
[Mon Jun 10 20:01:39 2024]  output:Iteration Solve time: CPU time = 6.447000 Iterations = 10 Residual = 9.972271e-02
[Mon Jun 10 20:01:43 2024]  output:solving kPhi 4
[Mon Jun 10 20:01:47 2024]  output:solving kPhi 6
[Mon Jun 10 20:01:47 2024]  output:Iteration Solve time: CPU time = 0.016000 Iterations = 12 Residual = 4.181426e-01
[Mon Jun 10 20:01:47 2024]  output:solving kPhi 7
[Mon Jun 10 20:01:47 2024]  output:Iteration Solve time: CPU time = 0.014000 Iterations = 12 Residual = 7.626689e+00
[Mon Jun 10 20:01:48 2024] Processing results ready
[Mon Jun 10 20:01:48 2024]  output:Ave Values = -4.248077 367.637652 24.508999 -75.413291 0.000000 625.758350 442157.332569 0.000000
[Mon Jun 10 20:01:48 2024]  output:34 1.43e+04 5.53e+04 1.70e+04 9.59e-01 5.59e+04 1.08e+06
[Mon Jun 10 20:01:48 2024]  output:solving kPhi 1
[Mon Jun 10 20:01:48 2024]  output:Iteration Solve time: CPU time = 0.013000 Iterations = 10 Residual = 4.954569e-02
[Mon Jun 10 20:01:48 2024]  output:solving kPhi 2
[Mon Jun 10 20:01:48 2024]  output:Iteration Solve time: CPU time = 0.013000 Iterations = 10 Residual = 2.976679e-01
[Mon Jun 10 20:01:49 2024]  output:solving kPhi 3
[Mon Jun 10 20:01:49 2024]  output:Iteration Solve time: CPU time = 0.012000 Iterations = 10 Residual = 9.782280e-02
[Mon Jun 10 20:01:49 2024]  output:solving kPhi 4
[Mon Jun 10 20:01:52 2024]  output:solving kPhi 6
[Mon Jun 10 20:01:52 2024]  output:Iteration Solve time: CPU time = 0.016000 Iterations = 12 Residual = 1.164625e+00
[Mon Jun 10 20:01:52 2024]  output:solving kPhi 7
[Mon Jun 10 20:01:52 2024]  output:Iteration Solve time: CPU time = 0.013000 Iterations = 12 Residual = 7.033451e+00
[Mon Jun 10 20:01:53 2024] Processing results ready
[Mon Jun 10 20:01:53 2024]  output:Ave Values = -4.162829 374.429334 24.857182 -54.814095 0.000000 1044.521483 431264.963095 0.000000
[Mon Jun 10 20:01:53 2024]  output:35 1.40e+04 5.48e+04 1.66e+04 9.62e-01 1.49e+05 9.59e+05
[Mon Jun 10 20:01:53 2024]  output:solving kPhi 1
[Mon Jun 10 20:01:53 2024]  output:Iteration Solve time: CPU time = 0.013000 Iterations = 10 Residual = 4.925289e-02
[Mon Jun 10 20:01:53 2024]  output:solving kPhi 2
[Mon Jun 10 20:01:53 2024]  output:Iteration Solve time: CPU time = 0.013000 Iterations = 10 Residual = 2.949319e-01
[Mon Jun 10 20:01:53 2024]  output:solving kPhi 3
[Mon Jun 10 20:01:53 2024]  output:Iteration Solve time: CPU time = 0.013000 Iterations = 10 Residual = 9.600271e-02
[Mon Jun 10 20:01:54 2024]  output:solving kPhi 4
[Mon Jun 10 20:02:01 2024]  output:solving kPhi 6
[Mon Jun 10 20:02:01 2024]  output:Iteration Solve time: CPU time = 0.013000 Iterations = 11 Residual = 4.395283e+00
[Mon Jun 10 20:02:02 2024]  output:solving kPhi 7
[Mon Jun 10 20:02:02 2024]  output:Iteration Solve time: CPU time = 0.014000 Iterations = 12 Residual = 6.494541e+00
[Mon Jun 10 20:02:02 2024] Processing results ready
[Mon Jun 10 20:02:02 2024]  output:Ave Values = -4.063412 381.385132 25.211146 -34.052433 0.000000 1690.065005 420657.909195 0.000000
[Mon Jun 10 20:02:02 2024]  output:36 1.37e+04 5.44e+04 1.63e+04 9.69e-01 4.54e+05 8.47e+05
[Mon Jun 10 20:02:02 2024]  output:solving kPhi 1
[Mon Jun 10 20:02:02 2024]  output:Iteration Solve time: CPU time = 0.012000 Iterations = 10 Residual = 4.903282e-02
[Mon Jun 10 20:02:03 2024]  output:solving kPhi 2
[Mon Jun 10 20:02:03 2024]  output:Iteration Solve time: CPU time = 0.013000 Iterations = 10 Residual = 2.922376e-01
[Mon Jun 10 20:02:03 2024]  output:solving kPhi 3
[Mon Jun 10 20:02:03 2024]  output:Iteration Solve time: CPU time = 0.013000 Iterations = 10 Residual = 9.426380e-02
[Mon Jun 10 20:02:03 2024]  output:solving kPhi 4
[Mon Jun 10 20:02:08 2024]  output:solving kPhi 6
[Mon Jun 10 20:02:08 2024]  output:Iteration Solve time: CPU time = 0.040000 Iterations = 12 Residual = 5.631486e+00
[Mon Jun 10 20:02:09 2024]  output:solving kPhi 7
[Mon Jun 10 20:02:09 2024]  output:Iteration Solve time: CPU time = 0.016000 Iterations = 12 Residual = 5.996399e+00
[Mon Jun 10 20:02:09 2024] Processing results ready
[Mon Jun 10 20:02:09 2024]  output:Ave Values = -3.954126 388.505451 25.570862 -13.165544 0.000000 2537.350896 410362.430751 0.000000
[Mon Jun 10 20:02:09 2024]  output:37 1.34e+04 5.40e+04 1.61e+04 9.79e-01 1.05e+06 7.46e+05
[Mon Jun 10 20:02:09 2024]  output:solving kPhi 1
[Mon Jun 10 20:02:09 2024]  output:Iteration Solve time: CPU time = 0.012000 Iterations = 10 Residual = 4.886780e-02
[Mon Jun 10 20:02:10 2024]  output:solving kPhi 2
[Mon Jun 10 20:02:10 2024]  output:Iteration Solve time: CPU time = 0.012000 Iterations = 10 Residual = 2.895527e-01
[Mon Jun 10 20:02:10 2024]  output:solving kPhi 3
[Mon Jun 10 20:02:10 2024]  output:Iteration Solve time: CPU time = 0.012000 Iterations = 10 Residual = 9.259625e-02
[Mon Jun 10 20:02:10 2024]  output:solving kPhi 4
[Mon Jun 10 20:02:15 2024]  output:solving kPhi 6
[Mon Jun 10 20:02:18 2024]  output:Iteration Solve time: CPU time = 4.659000 Iterations = 10 Residual = 6.234696e+00
[Mon Jun 10 20:02:22 2024]  output:solving kPhi 7
[Mon Jun 10 20:02:25 2024]  output:Iteration Solve time: CPU time = 2.949000 Iterations = 12 Residual = 5.527624e+00
[Mon Jun 10 20:02:41 2024] Processing results ready
[Mon Jun 10 20:02:43 2024]  output:Ave Values = -3.838200 395.791643 25.935819 8.138405 0.000000 3372.738703 400380.432033 0.000000
[Mon Jun 10 20:02:43 2024]  output:38 1.31e+04 5.36e+04 1.58e+04 9.94e-01 1.20e+06 6.56e+05
[Mon Jun 10 20:02:43 2024]  output:solving kPhi 1
[Mon Jun 10 20:02:45 2024]  output:Iteration Solve time: CPU time = 2.635000 Iterations = 10 Residual = 4.873954e-02
[Mon Jun 10 20:02:48 2024]  output:solving kPhi 2
[Mon Jun 10 20:02:50 2024]  output:Iteration Solve time: CPU time = 2.962000 Iterations = 10 Residual = 2.868386e-01
[Mon Jun 10 20:02:54 2024]  output:solving kPhi 3
[Mon Jun 10 20:02:56 2024]  output:Iteration Solve time: CPU time = 4.054000 Iterations = 10 Residual = 9.098189e-02
[Mon Jun 10 20:03:00 2024]  output:solving kPhi 4
[Mon Jun 10 20:03:46 2024]  output:solving kPhi 6
[Mon Jun 10 20:03:48 2024]  output:Iteration Solve time: CPU time = 2.903000 Iterations = 10 Residual = 6.709756e+00
[Mon Jun 10 20:03:51 2024]  output:solving kPhi 7
[Mon Jun 10 20:03:53 2024]  output:Iteration Solve time: CPU time = 1.992000 Iterations = 12 Residual = 5.073249e+00
[Mon Jun 10 20:04:09 2024] Processing results ready
[Mon Jun 10 20:04:11 2024]  output:Ave Values = -3.717373 403.252424 26.304926 28.852597 0.000000 4134.842289 390703.784532 0.000000
[Mon Jun 10 20:04:11 2024]  output:39 1.28e+04 5.33e+04 1.56e+04 1.01e+00 1.24e+06 5.77e+05
[Mon Jun 10 20:04:11 2024]  output:solving kPhi 1
[Mon Jun 10 20:04:14 2024]  output:Iteration Solve time: CPU time = 4.160000 Iterations = 10 Residual = 4.862714e-02
[Mon Jun 10 20:04:18 2024]  output:solving kPhi 2
[Mon Jun 10 20:04:19 2024]  output:Iteration Solve time: CPU time = 3.157000 Iterations = 10 Residual = 2.840773e-01
[Mon Jun 10 20:04:25 2024]  output:solving kPhi 3
[Mon Jun 10 20:04:28 2024]  output:Iteration Solve time: CPU time = 5.538000 Iterations = 10 Residual = 8.936887e-02
[Mon Jun 10 20:04:31 2024]  output:solving kPhi 4
[Mon Jun 10 20:05:16 2024]  output:solving kPhi 6
[Mon Jun 10 20:05:18 2024]  output:Iteration Solve time: CPU time = 2.619000 Iterations = 10 Residual = 7.122333e+00
[Mon Jun 10 20:05:21 2024]  output:solving kPhi 7
[Mon Jun 10 20:05:23 2024]  output:Iteration Solve time: CPU time = 2.341000 Iterations = 12 Residual = 4.611634e+00
[Mon Jun 10 20:05:37 2024] Processing results ready
[Mon Jun 10 20:05:40 2024]  output:Ave Values = -3.594025 410.896701 26.677486 48.810401 0.000000 4788.950381 381352.363890 0.000000
[Mon Jun 10 20:05:40 2024]  output:40 1.26e+04 5.29e+04 1.53e+04 1.03e+00 9.65e+05 5.06e+05
[Mon Jun 10 20:05:40 2024]  output:solving kPhi 1
[Mon Jun 10 20:05:42 2024]  output:Iteration Solve time: CPU time = 3.022000 Iterations = 10 Residual = 4.852046e-02
[Mon Jun 10 20:05:46 2024]  output:solving kPhi 2
[Mon Jun 10 20:05:48 2024]  output:Iteration Solve time: CPU time = 3.531000 Iterations = 10 Residual = 2.812899e-01
[Mon Jun 10 20:05:52 2024]  output:solving kPhi 3
[Mon Jun 10 20:05:54 2024]  output:Iteration Solve time: CPU time = 3.910000 Iterations = 10 Residual = 8.775571e-02
[Mon Jun 10 20:05:58 2024]  output:solving kPhi 4
[Mon Jun 10 20:06:45 2024]  output:solving kPhi 6
[Mon Jun 10 20:06:48 2024]  output:Iteration Solve time: CPU time = 3.377000 Iterations = 11 Residual = 3.626960e+00
[Mon Jun 10 20:06:50 2024]  output:solving kPhi 7
[Mon Jun 10 20:06:52 2024]  output:Iteration Solve time: CPU time = 2.017000 Iterations = 12 Residual = 4.114151e+00
[Mon Jun 10 20:07:09 2024] Processing results ready
[Mon Jun 10 20:07:11 2024]  output:Ave Values = -3.469554 418.732513 27.052551 67.972884 0.000000 5339.455720 372382.775995 0.000000
[Mon Jun 10 20:07:11 2024]  output:41 1.23e+04 5.26e+04 1.51e+04 1.04e+00 6.26e+05 4.35e+05
[Mon Jun 10 20:07:11 2024]  output:solving kPhi 1
[Mon Jun 10 20:07:13 2024]  output:Iteration Solve time: CPU time = 2.974000 Iterations = 10 Residual = 4.841870e-02
[Mon Jun 10 20:07:16 2024]  output:solving kPhi 2
[Mon Jun 10 20:07:17 2024]  output:Iteration Solve time: CPU time = 2.740000 Iterations = 10 Residual = 2.784569e-01
[Mon Jun 10 20:07:57 2024]  output:solving kPhi 3
[Mon Jun 10 20:07:57 2024]  output:Iteration Solve time: CPU time = 37.245000 Iterations = 10 Residual = 8.613307e-02
[Mon Jun 10 20:07:57 2024]  output:solving kPhi 4
[Mon Jun 10 20:07:59 2024]  output:solving kPhi 6
[Mon Jun 10 20:07:59 2024]  output:Iteration Solve time: CPU time = 0.015000 Iterations = 11 Residual = 3.301645e+00
[Mon Jun 10 20:07:59 2024]  output:solving kPhi 7
[Mon Jun 10 20:07:59 2024]  output:Iteration Solve time: CPU time = 0.013000 Iterations = 12 Residual = 3.558382e+00
[Mon Jun 10 20:07:59 2024] Processing results ready
[Mon Jun 10 20:08:00 2024]  output:Ave Values = -3.345129 426.769843 27.428649 85.544582 0.000000 5822.759296 363909.376112 0.000000
[Mon Jun 10 20:08:00 2024]  output:42 1.20e+04 5.22e+04 1.49e+04 1.06e+00 4.74e+05 3.63e+05
[Mon Jun 10 20:08:00 2024]  output:solving kPhi 1
[Mon Jun 10 20:08:00 2024]  output:Iteration Solve time: CPU time = 0.013000 Iterations = 10 Residual = 4.830898e-02
[Mon Jun 10 20:08:00 2024]  output:solving kPhi 2
[Mon Jun 10 20:08:00 2024]  output:Iteration Solve time: CPU time = 0.012000 Iterations = 10 Residual = 2.756075e-01
[Mon Jun 10 20:09:01 2024]  output:solving kPhi 3
[Mon Jun 10 20:09:01 2024]  output:Iteration Solve time: CPU time = 0.013000 Iterations = 10 Residual = 8.450833e-02
[Mon Jun 10 20:09:02 2024]  output:solving kPhi 4
[Mon Jun 10 20:09:03 2024]  output:solving kPhi 6
[Mon Jun 10 20:09:03 2024]  output:Iteration Solve time: CPU time = 0.013000 Iterations = 11 Residual = 3.048697e+00
[Mon Jun 10 20:09:03 2024]  output:solving kPhi 7
[Mon Jun 10 20:09:03 2024]  output:Iteration Solve time: CPU time = 0.013000 Iterations = 13 Residual = 1.354619e+00
[Mon Jun 10 20:09:03 2024]  output:Ave Values = -3.221981 435.016835 27.803765 101.625497 0.000000 6261.668807 356087.443396 0.000000
[Mon Jun 10 20:09:03 2024]  output:43 1.18e+04 5.19e+04 1.47e+04 1.08e+00 4.26e+05 2.94e+05
[Mon Jun 10 20:09:03 2024]  output:solving kPhi 1
[Mon Jun 10 20:09:03 2024]  output:Iteration Solve time: CPU time = 0.013000 Iterations = 10 Residual = 4.818506e-02
[Mon Jun 10 20:09:04 2024]  output:solving kPhi 2
[Mon Jun 10 20:09:04 2024]  output:Iteration Solve time: CPU time = 0.012000 Iterations = 10 Residual = 2.727509e-01
[Mon Jun 10 20:09:04 2024]  output:solving kPhi 3
[Mon Jun 10 20:09:04 2024]  output:Iteration Solve time: CPU time = 0.013000 Iterations = 10 Residual = 8.289172e-02
[Mon Jun 10 20:09:04 2024]  output:solving kPhi 4
[Mon Jun 10 20:12:00 2024]  output:solving kPhi 6
[Mon Jun 10 20:12:00 2024]  output:Iteration Solve time: CPU time = 0.014000 Iterations = 11 Residual = 3.140724e+00
[Mon Jun 10 20:12:00 2024]  output:solving kPhi 7
[Mon Jun 10 20:12:00 2024]  output:Iteration Solve time: CPU time = 0.013000 Iterations = 13 Residual = 1.096373e+00
[Mon Jun 10 20:12:01 2024]  output:Ave Values = -3.102284 443.479843 28.176188 116.459295 0.000000 6669.927750 349024.166853 0.000000
[Mon Jun 10 20:12:01 2024]  output:44 1.15e+04 5.16e+04 1.44e+04 1.09e+00 4.13e+05 2.37e+05
[Mon Jun 10 20:12:01 2024]  output:solving kPhi 1
[Mon Jun 10 20:12:01 2024]  output:Iteration Solve time: CPU time = 0.013000 Iterations = 10 Residual = 4.803699e-02
[Mon Jun 10 20:12:01 2024]  output:solving kPhi 2
[Mon Jun 10 20:12:01 2024]  output:Iteration Solve time: CPU time = 0.012000 Iterations = 10 Residual = 2.698659e-01
[Mon Jun 10 20:12:01 2024]  output:solving kPhi 3
[Mon Jun 10 20:12:01 2024]  output:Iteration Solve time: CPU time = 0.012000 Iterations = 10 Residual = 8.129007e-02
[Mon Jun 10 20:12:01 2024]  output:solving kPhi 4
[Mon Jun 10 20:12:03 2024]  output:solving kPhi 6
[Mon Jun 10 20:12:03 2024]  output:Iteration Solve time: CPU time = 0.014000 Iterations = 11 Residual = 3.125700e+00
[Mon Jun 10 20:13:57 2024]  output:solving kPhi 7
[Mon Jun 10 20:13:57 2024]  output:Iteration Solve time: CPU time = 0.085000 Iterations = 13 Residual = 8.903478e-01
[Mon Jun 10 20:13:57 2024]  output:Ave Values = -2.987271 452.163661 28.544230 130.056086 0.000000 7056.896608 342691.247891 0.000000
[Mon Jun 10 20:13:57 2024]  output:45 1.13e+04 5.12e+04 1.42e+04 1.10e+00 3.99e+05 1.94e+05
[Mon Jun 10 20:13:57 2024]  output:solving kPhi 1
[Mon Jun 10 20:13:57 2024]  output:Iteration Solve time: CPU time = 0.007000 Iterations = 10 Residual = 4.785635e-02
[Mon Jun 10 20:13:58 2024]  output:solving kPhi 2
[Mon Jun 10 20:13:58 2024]  output:Iteration Solve time: CPU time = 0.008000 Iterations = 10 Residual = 2.669558e-01
[Mon Jun 10 20:13:58 2024]  output:solving kPhi 3
[Mon Jun 10 20:13:58 2024]  output:Iteration Solve time: CPU time = 0.008000 Iterations = 10 Residual = 7.971012e-02
[Mon Jun 10 20:13:58 2024]  output:solving kPhi 4
[Mon Jun 10 20:14:13 2024]  output:solving kPhi 6
[Mon Jun 10 20:14:15 2024]  output:Iteration Solve time: CPU time = 2.545000 Iterations = 11 Residual = 2.861938e+00
[Mon Jun 10 20:14:17 2024]  output:solving kPhi 7
[Mon Jun 10 20:14:20 2024]  output:Iteration Solve time: CPU time = 2.416000 Iterations = 13 Residual = 7.374308e-01
[Mon Jun 10 20:14:32 2024] Processing results ready
[Mon Jun 10 20:14:34 2024]  output:Ave Values = -2.877481 461.072019 28.906173 142.397853 0.000000 7428.247783 336960.925264 0.000000
[Mon Jun 10 20:14:34 2024]  output:46 1.11e+04 5.09e+04 1.40e+04 1.11e+00 3.94e+05 1.61e+05
[Mon Jun 10 20:14:34 2024]  output:solving kPhi 1
[Mon Jun 10 20:14:35 2024]  output:Iteration Solve time: CPU time = 1.991000 Iterations = 10 Residual = 4.763799e-02
[Mon Jun 10 20:14:38 2024]  output:solving kPhi 2
[Mon Jun 10 20:14:40 2024]  output:Iteration Solve time: CPU time = 3.015000 Iterations = 10 Residual = 2.640253e-01
[Mon Jun 10 20:14:44 2024]  output:solving kPhi 3
[Mon Jun 10 20:14:45 2024]  output:Iteration Solve time: CPU time = 3.468000 Iterations = 10 Residual = 7.815975e-02
[Mon Jun 10 20:14:48 2024]  output:solving kPhi 4
[Mon Jun 10 20:15:24 2024]  output:solving kPhi 6
[Mon Jun 10 20:15:26 2024]  output:Iteration Solve time: CPU time = 2.417000 Iterations = 11 Residual = 2.768221e+00
[Mon Jun 10 20:15:28 2024]  output:solving kPhi 7
[Mon Jun 10 20:15:31 2024]  output:Iteration Solve time: CPU time = 2.460000 Iterations = 12 Residual = 1.358140e+00
[Mon Jun 10 20:15:40 2024] Processing results ready
[Mon Jun 10 20:15:42 2024]  output:Ave Values = -2.773458 470.205347 29.260658 153.812676 0.000000 7789.048220 331703.209620 0.000000
[Mon Jun 10 20:15:42 2024]  output:47 1.09e+04 5.05e+04 1.38e+04 1.10e+00 3.98e+05 1.38e+05
[Mon Jun 10 20:15:42 2024]  output:solving kPhi 1
[Mon Jun 10 20:15:44 2024]  output:Iteration Solve time: CPU time = 2.500000 Iterations = 10 Residual = 4.738172e-02
[Mon Jun 10 20:15:47 2024]  output:solving kPhi 2
[Mon Jun 10 20:15:49 2024]  output:Iteration Solve time: CPU time = 3.135000 Iterations = 10 Residual = 2.611121e-01
[Mon Jun 10 20:15:52 2024]  output:solving kPhi 3
[Mon Jun 10 20:15:53 2024]  output:Iteration Solve time: CPU time = 2.192000 Iterations = 10 Residual = 7.663409e-02
[Mon Jun 10 20:15:55 2024]  output:solving kPhi 4
[Mon Jun 10 20:16:31 2024]  output:solving kPhi 6
[Mon Jun 10 20:16:33 2024]  output:Iteration Solve time: CPU time = 2.024000 Iterations = 11 Residual = 2.705075e+00
[Mon Jun 10 20:16:34 2024]  output:solving kPhi 7
[Mon Jun 10 20:16:35 2024]  output:Iteration Solve time: CPU time = 1.341000 Iterations = 12 Residual = 1.128276e+00
[Mon Jun 10 20:16:47 2024] Processing results ready
[Mon Jun 10 20:16:50 2024]  output:Ave Values = -2.674479 479.563862 29.606106 164.379815 0.000000 8142.370021 326829.452883 0.000000
[Mon Jun 10 20:16:50 2024]  output:48 1.07e+04 5.02e+04 1.36e+04 1.08e+00 4.06e+05 1.20e+05
[Mon Jun 10 20:16:50 2024]  output:solving kPhi 1
[Mon Jun 10 20:16:52 2024]  output:Iteration Solve time: CPU time = 3.063000 Iterations = 10 Residual = 4.706707e-02
[Mon Jun 10 20:16:55 2024]  output:solving kPhi 2
[Mon Jun 10 20:16:56 2024]  output:Iteration Solve time: CPU time = 2.789000 Iterations = 10 Residual = 2.582495e-01
[Mon Jun 10 20:17:00 2024]  output:solving kPhi 3
[Mon Jun 10 20:17:01 2024]  output:Iteration Solve time: CPU time = 2.729000 Iterations = 10 Residual = 7.513452e-02
[Mon Jun 10 20:17:03 2024]  output:solving kPhi 4
[Mon Jun 10 20:17:39 2024]  output:solving kPhi 6
[Mon Jun 10 20:17:40 2024]  output:Iteration Solve time: CPU time = 2.437000 Iterations = 11 Residual = 2.782696e+00
[Mon Jun 10 20:17:43 2024]  output:solving kPhi 7
[Mon Jun 10 20:17:45 2024]  output:Iteration Solve time: CPU time = 2.278000 Iterations = 12 Residual = 9.186829e-01
[Mon Jun 10 20:17:56 2024] Processing results ready
[Mon Jun 10 20:17:58 2024]  output:Ave Values = -2.580209 489.147239 29.940854 174.073383 0.000000 8491.684562 322291.582810 0.000000
[Mon Jun 10 20:17:58 2024]  output:49 1.05e+04 4.98e+04 1.34e+04 1.07e+00 4.16e+05 1.06e+05
[Mon Jun 10 20:17:58 2024]  output:solving kPhi 1
[Mon Jun 10 20:18:00 2024]  output:Iteration Solve time: CPU time = 2.430000 Iterations = 10 Residual = 4.668526e-02
[Mon Jun 10 20:18:03 2024]  output:solving kPhi 2
[Mon Jun 10 20:18:04 2024]  output:Iteration Solve time: CPU time = 2.593000 Iterations = 10 Residual = 2.554036e-01
[Mon Jun 10 20:18:08 2024]  output:solving kPhi 3
[Mon Jun 10 20:18:09 2024]  output:Iteration Solve time: CPU time = 3.115000 Iterations = 10 Residual = 7.365310e-02
[Mon Jun 10 20:18:11 2024]  output:solving kPhi 4
[Mon Jun 10 20:18:48 2024]  output:solving kPhi 6
[Mon Jun 10 20:18:50 2024]  output:Iteration Solve time: CPU time = 2.439000 Iterations = 11 Residual = 2.812392e+00
[Mon Jun 10 20:18:52 2024]  output:solving kPhi 7
[Mon Jun 10 20:18:54 2024]  output:Iteration Solve time: CPU time = 2.041000 Iterations = 12 Residual = 6.315526e-01
[Mon Jun 10 20:19:05 2024] Processing results ready
[Mon Jun 10 20:19:06 2024]  output:Ave Values = -2.490369 498.952137 30.263921 183.303268 0.000000 8839.817746 318151.466716 0.000000
[Mon Jun 10 20:19:06 2024]  output:50 1.03e+04 4.94e+04 1.32e+04 1.07e+00 4.27e+05 9.62e+04
[Mon Jun 10 20:19:06 2024]  output:solving kPhi 1
[Mon Jun 10 20:19:08 2024]  output:Iteration Solve time: CPU time = 2.012000 Iterations = 10 Residual = 4.624042e-02
[Mon Jun 10 20:19:11 2024]  output:solving kPhi 2
[Mon Jun 10 20:19:12 2024]  output:Iteration Solve time: CPU time = 3.036000 Iterations = 10 Residual = 2.525832e-01
[Mon Jun 10 20:19:17 2024]  output:solving kPhi 3
[Mon Jun 10 20:19:18 2024]  output:Iteration Solve time: CPU time = 3.424000 Iterations = 10 Residual = 7.219817e-02
[Mon Jun 10 20:19:21 2024]  output:solving kPhi 4
[Mon Jun 10 20:19:58 2024]  output:solving kPhi 6
[Mon Jun 10 20:20:00 2024]  output:Iteration Solve time: CPU time = 2.332000 Iterations = 11 Residual = 2.932631e+00
[Mon Jun 10 20:20:02 2024]  output:solving kPhi 7
[Mon Jun 10 20:20:03 2024]  output:Iteration Solve time: CPU time = 1.849000 Iterations = 12 Residual = 4.881436e-01
[Mon Jun 10 20:20:07 2024] Processing results ready
[Mon Jun 10 20:20:07 2024]  output:Ave Values = -2.404747 508.975752 30.574081 191.859406 0.000000 9187.746406 314295.706664 0.000000
[Mon Jun 10 20:20:07 2024]  output:51 1.01e+04 4.90e+04 1.29e+04 1.07e+00 4.29e+05 9.05e+04
[Mon Jun 10 20:20:07 2024]  output:solving kPhi 1
[Mon Jun 10 20:20:07 2024]  output:Iteration Solve time: CPU time = 0.013000 Iterations = 10 Residual = 4.656362e-02
[Mon Jun 10 20:20:07 2024]  output:solving kPhi 2
[Mon Jun 10 20:20:07 2024]  output:Iteration Solve time: CPU time = 0.013000 Iterations = 10 Residual = 2.505406e-01
[Mon Jun 10 20:20:07 2024]  output:solving kPhi 3
[Mon Jun 10 20:20:07 2024]  output:Iteration Solve time: CPU time = 0.012000 Iterations = 10 Residual = 7.103894e-02
[Mon Jun 10 20:20:07 2024]  output:solving kPhi 4
[Mon Jun 10 20:20:46 2024]  output:solving kPhi 6
[Mon Jun 10 20:20:47 2024]  output:Iteration Solve time: CPU time = 2.496000 Iterations = 12 Residual = 3.393527e+00
[Mon Jun 10 20:20:50 2024]  output:solving kPhi 7
[Mon Jun 10 20:20:52 2024]  output:Iteration Solve time: CPU time = 2.218000 Iterations = 12 Residual = 3.838670e+00
[Mon Jun 10 20:21:04 2024]  output:Ave Values = -2.342007 521.890079 31.049655 187.192574 0.000000 9315.223201 295306.079999 0.000000
[Mon Jun 10 20:21:04 2024]  output:52 9.96e+03 4.86e+04 1.27e+04 1.08e+00 5.18e+05 5.07e+05
[Mon Jun 10 20:21:04 2024]  output:User (or security) requested termination
[Mon Jun 10 20:21:15 2024] Processing solver exited
[Mon Jun 10 20:21:15 2024]  output:Ave Values = -2.342007 521.890079 31.049655 187.192574 0.000000 9315.223201 295306.079999 0.000000
[Mon Jun 10 20:21:15 2024]  output:solver has finished exit code=0
[Mon Jun 10 20:21:15 2024]  output:C:\Program Files\Autodesk\CFD 2024>
[Mon Jun 10 20:21:15 2024]  output:set E=0
[Mon Jun 10 20:21:15 2024]  output:C:\Program Files\Autodesk\CFD 2024>
[Mon Jun 10 20:21:15 2024]  output:exit 0
[Mon Jun 10 20:21:15 2024] Job finished with exit code = 0
[Mon Jun 10 20:21:15 2024] Task finished in 44:43.24
[Mon Jun 10 20:21:15 2024] Starting task: Stop Notifications
[Mon Jun 10 20:21:15 2024] Stopping mail server
[Mon Jun 10 20:21:15 2024] Mail server has stopped
[Mon Jun 10 20:21:15 2024] Stopping mail server thread
[Mon Jun 10 20:21:15 2024] Mail server thread has stopped
[Mon Jun 10 20:21:15 2024] Task finished in 0.00 sec
[Mon Jun 10 20:21:15 2024] Starting task: Stop Messaging
[Mon Jun 10 20:21:15 2024] Stopping messaging
[Mon Jun 10 20:21:15 2024] Task finished in 0.00 sec
[Mon Jun 10 20:21:15 2024] Finished processing tasks in 44:43.24
