-- Sim_logOn()
--[[
18.0-230111 Platform x64_win_vs2019_shared
--]]
-- Sim_logOn()
-- MS_init()
--[[
18.0-230111 Platform x64_win_vs2019_shared
--]]
MS_init()
-- SimASM_start(1)
--[[
SimASM: 230112 Platform: x64_win_vs2019_shared Version: 229.2
--]]
SimASM_start(1)
-- ASMNM_createFromFile("C:/Users/USER/Documents/Project CES/Anduril F1/CFD - T2 (( Trail 1/F1-V2 SUCCESS/Design 1/Scenario 1/job/d.nat", 0)
r2101491693520 = ASMNM_createFromFile("C:/Users/USER/Documents/Project CES/Anduril F1/CFD - T2 (( Trail 1/F1-V2 SUCCESS/Design 1/Scenario 1/job/d.nat", 0)
-- GM_load("C:/Users/USER/Documents/Project CES/Anduril F1/CFD - T2 (( Trail 1/F1-V2 SUCCESS/Design 1/Scenario 1/job/d.nmm", r2101491693520, nil)
r2101501880752 = GM_load("C:/Users/USER/Documents/Project CES/Anduril F1/CFD - T2 (( Trail 1/F1-V2 SUCCESS/Design 1/Scenario 1/job/d.nmm", r2101491693520, nil)
-- SimAdvMeshing_start()
--[[
SimAdvMeshing: 230111 Platform x64_win_vs2019_shared
--]]
SimAdvMeshing_start()
-- M_new(0, r2101501880752)
r2101518490320 = M_new(0, r2101501880752)
-- MS_newMeshCase(r2101501880752)
n2101517400544 = MS_newMeshCase(r2101501880752)
-- MS_setMeshSize(n2101517400544, GM_domain(r2101501880752), 1, 8.09439, nil)
MS_setMeshSize(n2101517400544, GM_domain(r2101501880752), 1, 8.09439, nil)
-- MS_setGlobalSizeGradationFactor(n2101517400544, 1)
MS_setGlobalSizeGradationFactor(n2101517400544, 1)
-- MS_setMeshSize(n2101517400544, GM_entityByTag(r2101501880752, 3, 1), 1, 0.544608506821227, nil)
MS_setMeshSize(n2101517400544, GM_entityByTag(r2101501880752, 3, 1), 1, 0.544608506821227, nil)
-- MS_setMeshSize(n2101517400544, GM_entityByTag(r2101501880752, 3, 5), 1, 4.36607974401097, nil)
MS_setMeshSize(n2101517400544, GM_entityByTag(r2101501880752, 3, 5), 1, 4.36607974401097, nil)
-- MS_setMeshSize(n2101517400544, GM_entityByTag(r2101501880752, 2, 1), 1, 0, "userSize1($x,$y,$z)")
MS_setMeshSize(n2101517400544, GM_entityByTag(r2101501880752, 2, 1), 1, 0, "userSize1($x,$y,$z)")
-- MS_setMeshSize(n2101517400544, GM_entityByTag(r2101501880752, 2, 2), 1, 0, "userSize2($x,$y,$z)")
MS_setMeshSize(n2101517400544, GM_entityByTag(r2101501880752, 2, 2), 1, 0, "userSize2($x,$y,$z)")
-- MS_setMeshSize(n2101517400544, GM_entityByTag(r2101501880752, 2, 3), 1, 0, "userSize3($x,$y,$z)")
MS_setMeshSize(n2101517400544, GM_entityByTag(r2101501880752, 2, 3), 1, 0, "userSize3($x,$y,$z)")
-- MS_setMeshSize(n2101517400544, GM_entityByTag(r2101501880752, 2, 4), 1, 0, "userSize4($x,$y,$z)")
MS_setMeshSize(n2101517400544, GM_entityByTag(r2101501880752, 2, 4), 1, 0, "userSize4($x,$y,$z)")
-- MS_setMeshSize(n2101517400544, GM_entityByTag(r2101501880752, 2, 5), 1, 0, "userSize5($x,$y,$z)")
MS_setMeshSize(n2101517400544, GM_entityByTag(r2101501880752, 2, 5), 1, 0, "userSize5($x,$y,$z)")
-- MS_setMeshSize(n2101517400544, GM_entityByTag(r2101501880752, 2, 6), 1, 0, "userSize6($x,$y,$z)")
MS_setMeshSize(n2101517400544, GM_entityByTag(r2101501880752, 2, 6), 1, 0, "userSize6($x,$y,$z)")
-- MS_setMeshSize(n2101517400544, GM_entityByTag(r2101501880752, 2, 7), 1, 0, "userSize7($x,$y,$z)")
MS_setMeshSize(n2101517400544, GM_entityByTag(r2101501880752, 2, 7), 1, 0, "userSize7($x,$y,$z)")
-- MS_setMeshSize(n2101517400544, GM_entityByTag(r2101501880752, 2, 8), 1, 0, "userSize8($x,$y,$z)")
MS_setMeshSize(n2101517400544, GM_entityByTag(r2101501880752, 2, 8), 1, 0, "userSize8($x,$y,$z)")
-- MS_setMeshSize(n2101517400544, GM_entityByTag(r2101501880752, 2, 9), 1, 0, "userSize9($x,$y,$z)")
MS_setMeshSize(n2101517400544, GM_entityByTag(r2101501880752, 2, 9), 1, 0, "userSize9($x,$y,$z)")
-- MS_setMeshSize(n2101517400544, GM_entityByTag(r2101501880752, 2, 10), 1, 0, "userSize10($x,$y,$z)")
MS_setMeshSize(n2101517400544, GM_entityByTag(r2101501880752, 2, 10), 1, 0, "userSize10($x,$y,$z)")
-- MS_setMeshSize(n2101517400544, GM_entityByTag(r2101501880752, 2, 11), 1, 0, "userSize11($x,$y,$z)")
MS_setMeshSize(n2101517400544, GM_entityByTag(r2101501880752, 2, 11), 1, 0, "userSize11($x,$y,$z)")
-- MS_setMeshSize(n2101517400544, GM_entityByTag(r2101501880752, 2, 12), 1, 0, "userSize12($x,$y,$z)")
MS_setMeshSize(n2101517400544, GM_entityByTag(r2101501880752, 2, 12), 1, 0, "userSize12($x,$y,$z)")
-- MS_setMeshSize(n2101517400544, GM_entityByTag(r2101501880752, 2, 13), 1, 0, "userSize13($x,$y,$z)")
MS_setMeshSize(n2101517400544, GM_entityByTag(r2101501880752, 2, 13), 1, 0, "userSize13($x,$y,$z)")
-- MS_setMeshSize(n2101517400544, GM_entityByTag(r2101501880752, 2, 14), 1, 0, "userSize14($x,$y,$z)")
MS_setMeshSize(n2101517400544, GM_entityByTag(r2101501880752, 2, 14), 1, 0, "userSize14($x,$y,$z)")
-- MS_setMeshSize(n2101517400544, GM_entityByTag(r2101501880752, 2, 15), 1, 0, "userSize15($x,$y,$z)")
MS_setMeshSize(n2101517400544, GM_entityByTag(r2101501880752, 2, 15), 1, 0, "userSize15($x,$y,$z)")
-- MS_setMeshSize(n2101517400544, GM_entityByTag(r2101501880752, 2, 16), 1, 0, "userSize16($x,$y,$z)")
MS_setMeshSize(n2101517400544, GM_entityByTag(r2101501880752, 2, 16), 1, 0, "userSize16($x,$y,$z)")
-- MS_setMeshSize(n2101517400544, GM_entityByTag(r2101501880752, 2, 17), 1, 0, "userSize17($x,$y,$z)")
MS_setMeshSize(n2101517400544, GM_entityByTag(r2101501880752, 2, 17), 1, 0, "userSize17($x,$y,$z)")
-- MS_setMeshSize(n2101517400544, GM_entityByTag(r2101501880752, 2, 18), 1, 0, "userSize18($x,$y,$z)")
MS_setMeshSize(n2101517400544, GM_entityByTag(r2101501880752, 2, 18), 1, 0, "userSize18($x,$y,$z)")
-- MS_setMeshSize(n2101517400544, GM_entityByTag(r2101501880752, 2, 19), 1, 0, "userSize19($x,$y,$z)")
MS_setMeshSize(n2101517400544, GM_entityByTag(r2101501880752, 2, 19), 1, 0, "userSize19($x,$y,$z)")
-- MS_setMeshSize(n2101517400544, GM_entityByTag(r2101501880752, 2, 20), 1, 0, "userSize20($x,$y,$z)")
MS_setMeshSize(n2101517400544, GM_entityByTag(r2101501880752, 2, 20), 1, 0, "userSize20($x,$y,$z)")
-- MS_setMeshSize(n2101517400544, GM_entityByTag(r2101501880752, 2, 21), 1, 0, "userSize21($x,$y,$z)")
MS_setMeshSize(n2101517400544, GM_entityByTag(r2101501880752, 2, 21), 1, 0, "userSize21($x,$y,$z)")
-- MS_setMeshSize(n2101517400544, GM_entityByTag(r2101501880752, 2, 22), 1, 0, "userSize22($x,$y,$z)")
MS_setMeshSize(n2101517400544, GM_entityByTag(r2101501880752, 2, 22), 1, 0, "userSize22($x,$y,$z)")
-- MS_setMeshSize(n2101517400544, GM_entityByTag(r2101501880752, 2, 23), 1, 0, "userSize23($x,$y,$z)")
MS_setMeshSize(n2101517400544, GM_entityByTag(r2101501880752, 2, 23), 1, 0, "userSize23($x,$y,$z)")
-- MS_setMeshSize(n2101517400544, GM_entityByTag(r2101501880752, 2, 24), 1, 0, "userSize24($x,$y,$z)")
MS_setMeshSize(n2101517400544, GM_entityByTag(r2101501880752, 2, 24), 1, 0, "userSize24($x,$y,$z)")
-- MS_setMeshSize(n2101517400544, GM_entityByTag(r2101501880752, 2, 25), 1, 0, "userSize25($x,$y,$z)")
MS_setMeshSize(n2101517400544, GM_entityByTag(r2101501880752, 2, 25), 1, 0, "userSize25($x,$y,$z)")
-- MS_setMeshSize(n2101517400544, GM_entityByTag(r2101501880752, 2, 26), 1, 0, "userSize26($x,$y,$z)")
MS_setMeshSize(n2101517400544, GM_entityByTag(r2101501880752, 2, 26), 1, 0, "userSize26($x,$y,$z)")
-- MS_setMeshSize(n2101517400544, GM_entityByTag(r2101501880752, 2, 27), 1, 0, "userSize27($x,$y,$z)")
MS_setMeshSize(n2101517400544, GM_entityByTag(r2101501880752, 2, 27), 1, 0, "userSize27($x,$y,$z)")
-- MS_setMeshSize(n2101517400544, GM_entityByTag(r2101501880752, 2, 28), 1, 0, "userSize28($x,$y,$z)")
MS_setMeshSize(n2101517400544, GM_entityByTag(r2101501880752, 2, 28), 1, 0, "userSize28($x,$y,$z)")
-- MS_setMeshSize(n2101517400544, GM_entityByTag(r2101501880752, 2, 29), 1, 0, "userSize29($x,$y,$z)")
MS_setMeshSize(n2101517400544, GM_entityByTag(r2101501880752, 2, 29), 1, 0, "userSize29($x,$y,$z)")
-- MS_setMeshSize(n2101517400544, GM_entityByTag(r2101501880752, 2, 30), 1, 0, "userSize30($x,$y,$z)")
MS_setMeshSize(n2101517400544, GM_entityByTag(r2101501880752, 2, 30), 1, 0, "userSize30($x,$y,$z)")
-- MS_setMeshSize(n2101517400544, GM_entityByTag(r2101501880752, 2, 31), 1, 0, "userSize31($x,$y,$z)")
MS_setMeshSize(n2101517400544, GM_entityByTag(r2101501880752, 2, 31), 1, 0, "userSize31($x,$y,$z)")
-- MS_setMeshSize(n2101517400544, GM_entityByTag(r2101501880752, 2, 32), 1, 0, "userSize32($x,$y,$z)")
MS_setMeshSize(n2101517400544, GM_entityByTag(r2101501880752, 2, 32), 1, 0, "userSize32($x,$y,$z)")
-- MS_setMeshSize(n2101517400544, GM_entityByTag(r2101501880752, 2, 33), 1, 0, "userSize33($x,$y,$z)")
MS_setMeshSize(n2101517400544, GM_entityByTag(r2101501880752, 2, 33), 1, 0, "userSize33($x,$y,$z)")
-- MS_setMeshSize(n2101517400544, GM_entityByTag(r2101501880752, 2, 34), 1, 0, "userSize34($x,$y,$z)")
MS_setMeshSize(n2101517400544, GM_entityByTag(r2101501880752, 2, 34), 1, 0, "userSize34($x,$y,$z)")
-- MS_setMeshSize(n2101517400544, GM_entityByTag(r2101501880752, 2, 35), 1, 0, "userSize35($x,$y,$z)")
MS_setMeshSize(n2101517400544, GM_entityByTag(r2101501880752, 2, 35), 1, 0, "userSize35($x,$y,$z)")
-- MS_setMeshSize(n2101517400544, GM_entityByTag(r2101501880752, 2, 36), 1, 0, "userSize36($x,$y,$z)")
MS_setMeshSize(n2101517400544, GM_entityByTag(r2101501880752, 2, 36), 1, 0, "userSize36($x,$y,$z)")
-- MS_setMeshSize(n2101517400544, GM_entityByTag(r2101501880752, 2, 37), 1, 0, "userSize37($x,$y,$z)")
MS_setMeshSize(n2101517400544, GM_entityByTag(r2101501880752, 2, 37), 1, 0, "userSize37($x,$y,$z)")
-- MS_setMeshSize(n2101517400544, GM_entityByTag(r2101501880752, 2, 38), 1, 0, "userSize38($x,$y,$z)")
MS_setMeshSize(n2101517400544, GM_entityByTag(r2101501880752, 2, 38), 1, 0, "userSize38($x,$y,$z)")
-- MS_setMeshSize(n2101517400544, GM_entityByTag(r2101501880752, 2, 39), 1, 0, "userSize39($x,$y,$z)")
MS_setMeshSize(n2101517400544, GM_entityByTag(r2101501880752, 2, 39), 1, 0, "userSize39($x,$y,$z)")
-- MS_setMeshSize(n2101517400544, GM_entityByTag(r2101501880752, 2, 40), 1, 0, "userSize40($x,$y,$z)")
MS_setMeshSize(n2101517400544, GM_entityByTag(r2101501880752, 2, 40), 1, 0, "userSize40($x,$y,$z)")
-- MS_setMeshSize(n2101517400544, GM_entityByTag(r2101501880752, 2, 41), 1, 0, "userSize41($x,$y,$z)")
MS_setMeshSize(n2101517400544, GM_entityByTag(r2101501880752, 2, 41), 1, 0, "userSize41($x,$y,$z)")
-- MS_setMeshSize(n2101517400544, GM_entityByTag(r2101501880752, 2, 42), 1, 0, "userSize42($x,$y,$z)")
MS_setMeshSize(n2101517400544, GM_entityByTag(r2101501880752, 2, 42), 1, 0, "userSize42($x,$y,$z)")
-- MS_setMeshSize(n2101517400544, GM_entityByTag(r2101501880752, 2, 43), 1, 0, "userSize43($x,$y,$z)")
MS_setMeshSize(n2101517400544, GM_entityByTag(r2101501880752, 2, 43), 1, 0, "userSize43($x,$y,$z)")
-- MS_setMeshSize(n2101517400544, GM_entityByTag(r2101501880752, 2, 44), 1, 0, "userSize44($x,$y,$z)")
MS_setMeshSize(n2101517400544, GM_entityByTag(r2101501880752, 2, 44), 1, 0, "userSize44($x,$y,$z)")
-- MS_setMeshSize(n2101517400544, GM_entityByTag(r2101501880752, 2, 45), 1, 0, "userSize45($x,$y,$z)")
MS_setMeshSize(n2101517400544, GM_entityByTag(r2101501880752, 2, 45), 1, 0, "userSize45($x,$y,$z)")
-- MS_setMeshSize(n2101517400544, GM_entityByTag(r2101501880752, 2, 46), 1, 0, "userSize46($x,$y,$z)")
MS_setMeshSize(n2101517400544, GM_entityByTag(r2101501880752, 2, 46), 1, 0, "userSize46($x,$y,$z)")
-- MS_setMeshSize(n2101517400544, GM_entityByTag(r2101501880752, 2, 47), 1, 0, "userSize47($x,$y,$z)")
MS_setMeshSize(n2101517400544, GM_entityByTag(r2101501880752, 2, 47), 1, 0, "userSize47($x,$y,$z)")
-- MS_setMeshSize(n2101517400544, GM_entityByTag(r2101501880752, 2, 48), 1, 0, "userSize48($x,$y,$z)")
MS_setMeshSize(n2101517400544, GM_entityByTag(r2101501880752, 2, 48), 1, 0, "userSize48($x,$y,$z)")
-- MS_setMeshSize(n2101517400544, GM_entityByTag(r2101501880752, 2, 49), 1, 0, "userSize49($x,$y,$z)")
MS_setMeshSize(n2101517400544, GM_entityByTag(r2101501880752, 2, 49), 1, 0, "userSize49($x,$y,$z)")
-- MS_setMeshSize(n2101517400544, GM_entityByTag(r2101501880752, 2, 50), 1, 0, "userSize50($x,$y,$z)")
MS_setMeshSize(n2101517400544, GM_entityByTag(r2101501880752, 2, 50), 1, 0, "userSize50($x,$y,$z)")
-- MS_setMeshSize(n2101517400544, GM_entityByTag(r2101501880752, 2, 51), 1, 0, "userSize51($x,$y,$z)")
MS_setMeshSize(n2101517400544, GM_entityByTag(r2101501880752, 2, 51), 1, 0, "userSize51($x,$y,$z)")
-- MS_setMeshSize(n2101517400544, GM_entityByTag(r2101501880752, 2, 52), 1, 0, "userSize52($x,$y,$z)")
MS_setMeshSize(n2101517400544, GM_entityByTag(r2101501880752, 2, 52), 1, 0, "userSize52($x,$y,$z)")
-- MS_setMeshSize(n2101517400544, GM_entityByTag(r2101501880752, 2, 53), 1, 0, "userSize53($x,$y,$z)")
MS_setMeshSize(n2101517400544, GM_entityByTag(r2101501880752, 2, 53), 1, 0, "userSize53($x,$y,$z)")
-- MS_setMeshSize(n2101517400544, GM_entityByTag(r2101501880752, 2, 54), 1, 0, "userSize54($x,$y,$z)")
MS_setMeshSize(n2101517400544, GM_entityByTag(r2101501880752, 2, 54), 1, 0, "userSize54($x,$y,$z)")
-- MS_setMeshSize(n2101517400544, GM_entityByTag(r2101501880752, 2, 55), 1, 0, "userSize55($x,$y,$z)")
MS_setMeshSize(n2101517400544, GM_entityByTag(r2101501880752, 2, 55), 1, 0, "userSize55($x,$y,$z)")
-- MS_setMeshSize(n2101517400544, GM_entityByTag(r2101501880752, 2, 56), 1, 0, "userSize56($x,$y,$z)")
MS_setMeshSize(n2101517400544, GM_entityByTag(r2101501880752, 2, 56), 1, 0, "userSize56($x,$y,$z)")
-- MS_setMeshSize(n2101517400544, GM_entityByTag(r2101501880752, 2, 57), 1, 0, "userSize57($x,$y,$z)")
MS_setMeshSize(n2101517400544, GM_entityByTag(r2101501880752, 2, 57), 1, 0, "userSize57($x,$y,$z)")
-- MS_setMeshSize(n2101517400544, GM_entityByTag(r2101501880752, 2, 58), 1, 0, "userSize58($x,$y,$z)")
MS_setMeshSize(n2101517400544, GM_entityByTag(r2101501880752, 2, 58), 1, 0, "userSize58($x,$y,$z)")
-- MS_setMeshSize(n2101517400544, GM_entityByTag(r2101501880752, 2, 59), 1, 0, "userSize59($x,$y,$z)")
MS_setMeshSize(n2101517400544, GM_entityByTag(r2101501880752, 2, 59), 1, 0, "userSize59($x,$y,$z)")
-- MS_setMeshSize(n2101517400544, GM_entityByTag(r2101501880752, 2, 60), 1, 0, "userSize60($x,$y,$z)")
MS_setMeshSize(n2101517400544, GM_entityByTag(r2101501880752, 2, 60), 1, 0, "userSize60($x,$y,$z)")
-- MS_setMeshSize(n2101517400544, GM_entityByTag(r2101501880752, 2, 61), 1, 0, "userSize61($x,$y,$z)")
MS_setMeshSize(n2101517400544, GM_entityByTag(r2101501880752, 2, 61), 1, 0, "userSize61($x,$y,$z)")
-- MS_setMeshSize(n2101517400544, GM_entityByTag(r2101501880752, 2, 62), 1, 0, "userSize62($x,$y,$z)")
MS_setMeshSize(n2101517400544, GM_entityByTag(r2101501880752, 2, 62), 1, 0, "userSize62($x,$y,$z)")
-- MS_setMeshSize(n2101517400544, GM_entityByTag(r2101501880752, 2, 63), 1, 0, "userSize63($x,$y,$z)")
MS_setMeshSize(n2101517400544, GM_entityByTag(r2101501880752, 2, 63), 1, 0, "userSize63($x,$y,$z)")
-- MS_setMeshSize(n2101517400544, GM_entityByTag(r2101501880752, 2, 64), 1, 0, "userSize64($x,$y,$z)")
MS_setMeshSize(n2101517400544, GM_entityByTag(r2101501880752, 2, 64), 1, 0, "userSize64($x,$y,$z)")
-- MS_setMeshSize(n2101517400544, GM_entityByTag(r2101501880752, 2, 65), 1, 0, "userSize65($x,$y,$z)")
MS_setMeshSize(n2101517400544, GM_entityByTag(r2101501880752, 2, 65), 1, 0, "userSize65($x,$y,$z)")
-- MS_setMeshSize(n2101517400544, GM_entityByTag(r2101501880752, 2, 66), 1, 0, "userSize66($x,$y,$z)")
MS_setMeshSize(n2101517400544, GM_entityByTag(r2101501880752, 2, 66), 1, 0, "userSize66($x,$y,$z)")
-- MS_setMeshSize(n2101517400544, GM_entityByTag(r2101501880752, 2, 67), 1, 0, "userSize67($x,$y,$z)")
MS_setMeshSize(n2101517400544, GM_entityByTag(r2101501880752, 2, 67), 1, 0, "userSize67($x,$y,$z)")
-- MS_setMeshSize(n2101517400544, GM_entityByTag(r2101501880752, 2, 68), 1, 0, "userSize68($x,$y,$z)")
MS_setMeshSize(n2101517400544, GM_entityByTag(r2101501880752, 2, 68), 1, 0, "userSize68($x,$y,$z)")
-- MS_setMeshSize(n2101517400544, GM_entityByTag(r2101501880752, 2, 69), 1, 0, "userSize69($x,$y,$z)")
MS_setMeshSize(n2101517400544, GM_entityByTag(r2101501880752, 2, 69), 1, 0, "userSize69($x,$y,$z)")
-- MS_setMeshSize(n2101517400544, GM_entityByTag(r2101501880752, 2, 70), 1, 0, "userSize70($x,$y,$z)")
MS_setMeshSize(n2101517400544, GM_entityByTag(r2101501880752, 2, 70), 1, 0, "userSize70($x,$y,$z)")
-- MS_setMeshSize(n2101517400544, GM_entityByTag(r2101501880752, 2, 71), 1, 0, "userSize71($x,$y,$z)")
MS_setMeshSize(n2101517400544, GM_entityByTag(r2101501880752, 2, 71), 1, 0, "userSize71($x,$y,$z)")
-- MS_setMeshSize(n2101517400544, GM_entityByTag(r2101501880752, 2, 72), 1, 0, "userSize72($x,$y,$z)")
MS_setMeshSize(n2101517400544, GM_entityByTag(r2101501880752, 2, 72), 1, 0, "userSize72($x,$y,$z)")
-- MS_setMeshSize(n2101517400544, GM_entityByTag(r2101501880752, 2, 73), 1, 0, "userSize73($x,$y,$z)")
MS_setMeshSize(n2101517400544, GM_entityByTag(r2101501880752, 2, 73), 1, 0, "userSize73($x,$y,$z)")
-- MS_setMeshSize(n2101517400544, GM_entityByTag(r2101501880752, 2, 74), 1, 0, "userSize74($x,$y,$z)")
MS_setMeshSize(n2101517400544, GM_entityByTag(r2101501880752, 2, 74), 1, 0, "userSize74($x,$y,$z)")
-- MS_setMeshSize(n2101517400544, GM_entityByTag(r2101501880752, 2, 75), 1, 0, "userSize75($x,$y,$z)")
MS_setMeshSize(n2101517400544, GM_entityByTag(r2101501880752, 2, 75), 1, 0, "userSize75($x,$y,$z)")
-- MS_setMeshSize(n2101517400544, GM_entityByTag(r2101501880752, 2, 76), 1, 0, "userSize76($x,$y,$z)")
MS_setMeshSize(n2101517400544, GM_entityByTag(r2101501880752, 2, 76), 1, 0, "userSize76($x,$y,$z)")
-- MS_setMeshSize(n2101517400544, GM_entityByTag(r2101501880752, 2, 77), 1, 0, "userSize77($x,$y,$z)")
MS_setMeshSize(n2101517400544, GM_entityByTag(r2101501880752, 2, 77), 1, 0, "userSize77($x,$y,$z)")
-- MS_setMeshSize(n2101517400544, GM_entityByTag(r2101501880752, 2, 78), 1, 0, "userSize78($x,$y,$z)")
MS_setMeshSize(n2101517400544, GM_entityByTag(r2101501880752, 2, 78), 1, 0, "userSize78($x,$y,$z)")
-- MS_setMeshSize(n2101517400544, GM_entityByTag(r2101501880752, 2, 79), 1, 0, "userSize79($x,$y,$z)")
MS_setMeshSize(n2101517400544, GM_entityByTag(r2101501880752, 2, 79), 1, 0, "userSize79($x,$y,$z)")
-- MS_setMeshSize(n2101517400544, GM_entityByTag(r2101501880752, 2, 80), 1, 0, "userSize80($x,$y,$z)")
MS_setMeshSize(n2101517400544, GM_entityByTag(r2101501880752, 2, 80), 1, 0, "userSize80($x,$y,$z)")
-- MS_setMeshSize(n2101517400544, GM_entityByTag(r2101501880752, 2, 81), 1, 0, "userSize81($x,$y,$z)")
MS_setMeshSize(n2101517400544, GM_entityByTag(r2101501880752, 2, 81), 1, 0, "userSize81($x,$y,$z)")
-- MS_setMeshSize(n2101517400544, GM_entityByTag(r2101501880752, 2, 82), 1, 0, "userSize82($x,$y,$z)")
MS_setMeshSize(n2101517400544, GM_entityByTag(r2101501880752, 2, 82), 1, 0, "userSize82($x,$y,$z)")
-- MS_setMeshSize(n2101517400544, GM_entityByTag(r2101501880752, 2, 83), 1, 0, "userSize83($x,$y,$z)")
MS_setMeshSize(n2101517400544, GM_entityByTag(r2101501880752, 2, 83), 1, 0, "userSize83($x,$y,$z)")
-- MS_setMeshSize(n2101517400544, GM_entityByTag(r2101501880752, 2, 84), 1, 0, "userSize84($x,$y,$z)")
MS_setMeshSize(n2101517400544, GM_entityByTag(r2101501880752, 2, 84), 1, 0, "userSize84($x,$y,$z)")
-- MS_setMeshSize(n2101517400544, GM_entityByTag(r2101501880752, 2, 85), 1, 0, "userSize85($x,$y,$z)")
MS_setMeshSize(n2101517400544, GM_entityByTag(r2101501880752, 2, 85), 1, 0, "userSize85($x,$y,$z)")
-- MS_setMeshSize(n2101517400544, GM_entityByTag(r2101501880752, 2, 86), 1, 0, "userSize86($x,$y,$z)")
MS_setMeshSize(n2101517400544, GM_entityByTag(r2101501880752, 2, 86), 1, 0, "userSize86($x,$y,$z)")
-- MS_setMeshSize(n2101517400544, GM_entityByTag(r2101501880752, 2, 87), 1, 0, "userSize87($x,$y,$z)")
MS_setMeshSize(n2101517400544, GM_entityByTag(r2101501880752, 2, 87), 1, 0, "userSize87($x,$y,$z)")
-- MS_setMeshSize(n2101517400544, GM_entityByTag(r2101501880752, 2, 88), 1, 0, "userSize88($x,$y,$z)")
MS_setMeshSize(n2101517400544, GM_entityByTag(r2101501880752, 2, 88), 1, 0, "userSize88($x,$y,$z)")
-- MS_setMeshSize(n2101517400544, GM_entityByTag(r2101501880752, 2, 89), 1, 0, "userSize89($x,$y,$z)")
MS_setMeshSize(n2101517400544, GM_entityByTag(r2101501880752, 2, 89), 1, 0, "userSize89($x,$y,$z)")
-- MS_setMeshSize(n2101517400544, GM_entityByTag(r2101501880752, 2, 90), 1, 0, "userSize90($x,$y,$z)")
MS_setMeshSize(n2101517400544, GM_entityByTag(r2101501880752, 2, 90), 1, 0, "userSize90($x,$y,$z)")
-- MS_setMeshSize(n2101517400544, GM_entityByTag(r2101501880752, 2, 91), 1, 0, "userSize91($x,$y,$z)")
MS_setMeshSize(n2101517400544, GM_entityByTag(r2101501880752, 2, 91), 1, 0, "userSize91($x,$y,$z)")
-- MS_setMeshSize(n2101517400544, GM_entityByTag(r2101501880752, 2, 92), 1, 0, "userSize92($x,$y,$z)")
MS_setMeshSize(n2101517400544, GM_entityByTag(r2101501880752, 2, 92), 1, 0, "userSize92($x,$y,$z)")
-- MS_setMeshSize(n2101517400544, GM_entityByTag(r2101501880752, 2, 93), 1, 0, "userSize93($x,$y,$z)")
MS_setMeshSize(n2101517400544, GM_entityByTag(r2101501880752, 2, 93), 1, 0, "userSize93($x,$y,$z)")
-- MS_setMeshSize(n2101517400544, GM_entityByTag(r2101501880752, 2, 94), 1, 0, "userSize94($x,$y,$z)")
MS_setMeshSize(n2101517400544, GM_entityByTag(r2101501880752, 2, 94), 1, 0, "userSize94($x,$y,$z)")
-- MS_setMeshSize(n2101517400544, GM_entityByTag(r2101501880752, 2, 95), 1, 0, "userSize95($x,$y,$z)")
MS_setMeshSize(n2101517400544, GM_entityByTag(r2101501880752, 2, 95), 1, 0, "userSize95($x,$y,$z)")
-- MS_setMeshSize(n2101517400544, GM_entityByTag(r2101501880752, 2, 96), 1, 0, "userSize96($x,$y,$z)")
MS_setMeshSize(n2101517400544, GM_entityByTag(r2101501880752, 2, 96), 1, 0, "userSize96($x,$y,$z)")
-- MS_setMeshSize(n2101517400544, GM_entityByTag(r2101501880752, 2, 97), 1, 0, "userSize97($x,$y,$z)")
MS_setMeshSize(n2101517400544, GM_entityByTag(r2101501880752, 2, 97), 1, 0, "userSize97($x,$y,$z)")
-- MS_setMeshSize(n2101517400544, GM_entityByTag(r2101501880752, 2, 98), 1, 0, "userSize98($x,$y,$z)")
MS_setMeshSize(n2101517400544, GM_entityByTag(r2101501880752, 2, 98), 1, 0, "userSize98($x,$y,$z)")
-- MS_setMeshSize(n2101517400544, GM_entityByTag(r2101501880752, 2, 99), 1, 0, "userSize99($x,$y,$z)")
MS_setMeshSize(n2101517400544, GM_entityByTag(r2101501880752, 2, 99), 1, 0, "userSize99($x,$y,$z)")
-- MS_setMeshSize(n2101517400544, GM_entityByTag(r2101501880752, 2, 100), 1, 0, "userSize100($x,$y,$z)")
MS_setMeshSize(n2101517400544, GM_entityByTag(r2101501880752, 2, 100), 1, 0, "userSize100($x,$y,$z)")
-- MS_setMeshSize(n2101517400544, GM_entityByTag(r2101501880752, 2, 101), 1, 0, "userSize101($x,$y,$z)")
MS_setMeshSize(n2101517400544, GM_entityByTag(r2101501880752, 2, 101), 1, 0, "userSize101($x,$y,$z)")
-- MS_setMeshSize(n2101517400544, GM_entityByTag(r2101501880752, 2, 102), 1, 0, "userSize102($x,$y,$z)")
MS_setMeshSize(n2101517400544, GM_entityByTag(r2101501880752, 2, 102), 1, 0, "userSize102($x,$y,$z)")
-- MS_setMeshSize(n2101517400544, GM_entityByTag(r2101501880752, 2, 103), 1, 0, "userSize103($x,$y,$z)")
MS_setMeshSize(n2101517400544, GM_entityByTag(r2101501880752, 2, 103), 1, 0, "userSize103($x,$y,$z)")
-- MS_setMeshSize(n2101517400544, GM_entityByTag(r2101501880752, 2, 104), 1, 0, "userSize104($x,$y,$z)")
MS_setMeshSize(n2101517400544, GM_entityByTag(r2101501880752, 2, 104), 1, 0, "userSize104($x,$y,$z)")
-- MS_setMeshSize(n2101517400544, GM_entityByTag(r2101501880752, 2, 105), 1, 0, "userSize105($x,$y,$z)")
MS_setMeshSize(n2101517400544, GM_entityByTag(r2101501880752, 2, 105), 1, 0, "userSize105($x,$y,$z)")
-- MS_setMeshSize(n2101517400544, GM_entityByTag(r2101501880752, 2, 106), 1, 0, "userSize106($x,$y,$z)")
MS_setMeshSize(n2101517400544, GM_entityByTag(r2101501880752, 2, 106), 1, 0, "userSize106($x,$y,$z)")
-- MS_setMeshSize(n2101517400544, GM_entityByTag(r2101501880752, 2, 107), 1, 0, "userSize107($x,$y,$z)")
MS_setMeshSize(n2101517400544, GM_entityByTag(r2101501880752, 2, 107), 1, 0, "userSize107($x,$y,$z)")
-- MS_setMeshSize(n2101517400544, GM_entityByTag(r2101501880752, 2, 108), 1, 0, "userSize108($x,$y,$z)")
MS_setMeshSize(n2101517400544, GM_entityByTag(r2101501880752, 2, 108), 1, 0, "userSize108($x,$y,$z)")
-- MS_setMeshSize(n2101517400544, GM_entityByTag(r2101501880752, 2, 109), 1, 0, "userSize109($x,$y,$z)")
MS_setMeshSize(n2101517400544, GM_entityByTag(r2101501880752, 2, 109), 1, 0, "userSize109($x,$y,$z)")
-- MS_setMeshSize(n2101517400544, GM_entityByTag(r2101501880752, 2, 110), 1, 0, "userSize110($x,$y,$z)")
MS_setMeshSize(n2101517400544, GM_entityByTag(r2101501880752, 2, 110), 1, 0, "userSize110($x,$y,$z)")
-- MS_setMeshSize(n2101517400544, GM_entityByTag(r2101501880752, 2, 111), 1, 0, "userSize111($x,$y,$z)")
MS_setMeshSize(n2101517400544, GM_entityByTag(r2101501880752, 2, 111), 1, 0, "userSize111($x,$y,$z)")
-- MS_setMeshSize(n2101517400544, GM_entityByTag(r2101501880752, 2, 112), 1, 0, "userSize112($x,$y,$z)")
MS_setMeshSize(n2101517400544, GM_entityByTag(r2101501880752, 2, 112), 1, 0, "userSize112($x,$y,$z)")
-- MS_setMeshSize(n2101517400544, GM_entityByTag(r2101501880752, 2, 113), 1, 0, "userSize113($x,$y,$z)")
MS_setMeshSize(n2101517400544, GM_entityByTag(r2101501880752, 2, 113), 1, 0, "userSize113($x,$y,$z)")
-- MS_setMeshSize(n2101517400544, GM_entityByTag(r2101501880752, 2, 114), 1, 0, "userSize114($x,$y,$z)")
MS_setMeshSize(n2101517400544, GM_entityByTag(r2101501880752, 2, 114), 1, 0, "userSize114($x,$y,$z)")
-- MS_setMeshSize(n2101517400544, GM_entityByTag(r2101501880752, 2, 115), 1, 0, "userSize115($x,$y,$z)")
MS_setMeshSize(n2101517400544, GM_entityByTag(r2101501880752, 2, 115), 1, 0, "userSize115($x,$y,$z)")
-- MS_setMeshSize(n2101517400544, GM_entityByTag(r2101501880752, 2, 116), 1, 0, "userSize116($x,$y,$z)")
MS_setMeshSize(n2101517400544, GM_entityByTag(r2101501880752, 2, 116), 1, 0, "userSize116($x,$y,$z)")
-- MS_setMeshSize(n2101517400544, GM_entityByTag(r2101501880752, 2, 117), 1, 0, "userSize117($x,$y,$z)")
MS_setMeshSize(n2101517400544, GM_entityByTag(r2101501880752, 2, 117), 1, 0, "userSize117($x,$y,$z)")
-- MS_setMeshSize(n2101517400544, GM_entityByTag(r2101501880752, 2, 118), 1, 0, "userSize118($x,$y,$z)")
MS_setMeshSize(n2101517400544, GM_entityByTag(r2101501880752, 2, 118), 1, 0, "userSize118($x,$y,$z)")
-- MS_setMeshSize(n2101517400544, GM_entityByTag(r2101501880752, 2, 119), 1, 0, "userSize119($x,$y,$z)")
MS_setMeshSize(n2101517400544, GM_entityByTag(r2101501880752, 2, 119), 1, 0, "userSize119($x,$y,$z)")
-- MS_setMeshSize(n2101517400544, GM_entityByTag(r2101501880752, 2, 120), 1, 0, "userSize120($x,$y,$z)")
MS_setMeshSize(n2101517400544, GM_entityByTag(r2101501880752, 2, 120), 1, 0, "userSize120($x,$y,$z)")
-- MS_setMeshSize(n2101517400544, GM_entityByTag(r2101501880752, 2, 121), 1, 0, "userSize121($x,$y,$z)")
MS_setMeshSize(n2101517400544, GM_entityByTag(r2101501880752, 2, 121), 1, 0, "userSize121($x,$y,$z)")
-- MS_setSideConformityAngle(n2101517400544, GM_domain(r2101501880752), 179.99)
MS_setSideConformityAngle(n2101517400544, GM_domain(r2101501880752), 179.99)
-- MS_minExposedAspectRatio(n2101517400544, GM_domain(r2101501880752), 0.01)
MS_minExposedAspectRatio(n2101517400544, GM_domain(r2101501880752), 0.01)
-- MS_minLayerAspectRatio(n2101517400544, GM_domain(r2101501880752), 0)
MS_minLayerAspectRatio(n2101517400544, GM_domain(r2101501880752), 0)
-- MS_setBLAdjustmentBehavior(n2101517400544, GM_domain(r2101501880752), 1)
MS_setBLAdjustmentBehavior(n2101517400544, GM_domain(r2101501880752), 1)
-- MS_setBoundaryLayerExp(n2101517400544, GM_entityByTag(r2101501880752, 2, 1), 1, 1, "5", {"enhanceFirstHeight1($x,$y,$z)", "enhanceTotalHeight1($x,$y,$z)"}, 1, 0, 0)
MS_setBoundaryLayerExp(n2101517400544, GM_entityByTag(r2101501880752, 2, 1), 1, 1, "5", {"enhanceFirstHeight1($x,$y,$z)", "enhanceTotalHeight1($x,$y,$z)"}, 1, 0, 0)
-- MS_setBoundaryLayerExp(n2101517400544, GM_entityByTag(r2101501880752, 2, 2), 1, 1, "5", {"enhanceFirstHeight2($x,$y,$z)", "enhanceTotalHeight2($x,$y,$z)"}, 1, 0, 0)
MS_setBoundaryLayerExp(n2101517400544, GM_entityByTag(r2101501880752, 2, 2), 1, 1, "5", {"enhanceFirstHeight2($x,$y,$z)", "enhanceTotalHeight2($x,$y,$z)"}, 1, 0, 0)
-- MS_setBoundaryLayerExp(n2101517400544, GM_entityByTag(r2101501880752, 2, 3), 1, 1, "5", {"enhanceFirstHeight3($x,$y,$z)", "enhanceTotalHeight3($x,$y,$z)"}, 1, 0, 0)
MS_setBoundaryLayerExp(n2101517400544, GM_entityByTag(r2101501880752, 2, 3), 1, 1, "5", {"enhanceFirstHeight3($x,$y,$z)", "enhanceTotalHeight3($x,$y,$z)"}, 1, 0, 0)
-- MS_setBoundaryLayerExp(n2101517400544, GM_entityByTag(r2101501880752, 2, 4), 1, 1, "5", {"enhanceFirstHeight4($x,$y,$z)", "enhanceTotalHeight4($x,$y,$z)"}, 1, 0, 0)
MS_setBoundaryLayerExp(n2101517400544, GM_entityByTag(r2101501880752, 2, 4), 1, 1, "5", {"enhanceFirstHeight4($x,$y,$z)", "enhanceTotalHeight4($x,$y,$z)"}, 1, 0, 0)
-- MS_setBoundaryLayerExp(n2101517400544, GM_entityByTag(r2101501880752, 2, 5), 1, 1, "5", {"enhanceFirstHeight5($x,$y,$z)", "enhanceTotalHeight5($x,$y,$z)"}, 1, 0, 0)
MS_setBoundaryLayerExp(n2101517400544, GM_entityByTag(r2101501880752, 2, 5), 1, 1, "5", {"enhanceFirstHeight5($x,$y,$z)", "enhanceTotalHeight5($x,$y,$z)"}, 1, 0, 0)
-- MS_setBoundaryLayerExp(n2101517400544, GM_entityByTag(r2101501880752, 2, 6), 1, 1, "5", {"enhanceFirstHeight6($x,$y,$z)", "enhanceTotalHeight6($x,$y,$z)"}, 1, 0, 0)
MS_setBoundaryLayerExp(n2101517400544, GM_entityByTag(r2101501880752, 2, 6), 1, 1, "5", {"enhanceFirstHeight6($x,$y,$z)", "enhanceTotalHeight6($x,$y,$z)"}, 1, 0, 0)
-- MS_setBoundaryLayerExp(n2101517400544, GM_entityByTag(r2101501880752, 2, 7), 1, 1, "5", {"enhanceFirstHeight7($x,$y,$z)", "enhanceTotalHeight7($x,$y,$z)"}, 1, 0, 0)
MS_setBoundaryLayerExp(n2101517400544, GM_entityByTag(r2101501880752, 2, 7), 1, 1, "5", {"enhanceFirstHeight7($x,$y,$z)", "enhanceTotalHeight7($x,$y,$z)"}, 1, 0, 0)
-- MS_setBoundaryLayerExp(n2101517400544, GM_entityByTag(r2101501880752, 2, 8), 1, 1, "5", {"enhanceFirstHeight8($x,$y,$z)", "enhanceTotalHeight8($x,$y,$z)"}, 1, 0, 0)
MS_setBoundaryLayerExp(n2101517400544, GM_entityByTag(r2101501880752, 2, 8), 1, 1, "5", {"enhanceFirstHeight8($x,$y,$z)", "enhanceTotalHeight8($x,$y,$z)"}, 1, 0, 0)
-- MS_setBoundaryLayerExp(n2101517400544, GM_entityByTag(r2101501880752, 2, 9), 1, 1, "5", {"enhanceFirstHeight9($x,$y,$z)", "enhanceTotalHeight9($x,$y,$z)"}, 1, 0, 0)
MS_setBoundaryLayerExp(n2101517400544, GM_entityByTag(r2101501880752, 2, 9), 1, 1, "5", {"enhanceFirstHeight9($x,$y,$z)", "enhanceTotalHeight9($x,$y,$z)"}, 1, 0, 0)
-- MS_setBoundaryLayerExp(n2101517400544, GM_entityByTag(r2101501880752, 2, 10), 1, 1, "5", {"enhanceFirstHeight10($x,$y,$z)", "enhanceTotalHeight10($x,$y,$z)"}, 1, 0, 0)
MS_setBoundaryLayerExp(n2101517400544, GM_entityByTag(r2101501880752, 2, 10), 1, 1, "5", {"enhanceFirstHeight10($x,$y,$z)", "enhanceTotalHeight10($x,$y,$z)"}, 1, 0, 0)
-- MS_setBoundaryLayerExp(n2101517400544, GM_entityByTag(r2101501880752, 2, 11), 1, 1, "5", {"enhanceFirstHeight11($x,$y,$z)", "enhanceTotalHeight11($x,$y,$z)"}, 1, 0, 0)
MS_setBoundaryLayerExp(n2101517400544, GM_entityByTag(r2101501880752, 2, 11), 1, 1, "5", {"enhanceFirstHeight11($x,$y,$z)", "enhanceTotalHeight11($x,$y,$z)"}, 1, 0, 0)
-- MS_setBoundaryLayerExp(n2101517400544, GM_entityByTag(r2101501880752, 2, 12), 1, 1, "5", {"enhanceFirstHeight12($x,$y,$z)", "enhanceTotalHeight12($x,$y,$z)"}, 1, 0, 0)
MS_setBoundaryLayerExp(n2101517400544, GM_entityByTag(r2101501880752, 2, 12), 1, 1, "5", {"enhanceFirstHeight12($x,$y,$z)", "enhanceTotalHeight12($x,$y,$z)"}, 1, 0, 0)
-- MS_setBoundaryLayerExp(n2101517400544, GM_entityByTag(r2101501880752, 2, 13), 1, 1, "5", {"enhanceFirstHeight13($x,$y,$z)", "enhanceTotalHeight13($x,$y,$z)"}, 1, 0, 0)
MS_setBoundaryLayerExp(n2101517400544, GM_entityByTag(r2101501880752, 2, 13), 1, 1, "5", {"enhanceFirstHeight13($x,$y,$z)", "enhanceTotalHeight13($x,$y,$z)"}, 1, 0, 0)
-- MS_setBoundaryLayerExp(n2101517400544, GM_entityByTag(r2101501880752, 2, 14), 1, 1, "5", {"enhanceFirstHeight14($x,$y,$z)", "enhanceTotalHeight14($x,$y,$z)"}, 1, 0, 0)
MS_setBoundaryLayerExp(n2101517400544, GM_entityByTag(r2101501880752, 2, 14), 1, 1, "5", {"enhanceFirstHeight14($x,$y,$z)", "enhanceTotalHeight14($x,$y,$z)"}, 1, 0, 0)
-- MS_setBoundaryLayerExp(n2101517400544, GM_entityByTag(r2101501880752, 2, 15), 1, 1, "5", {"enhanceFirstHeight15($x,$y,$z)", "enhanceTotalHeight15($x,$y,$z)"}, 1, 0, 0)
MS_setBoundaryLayerExp(n2101517400544, GM_entityByTag(r2101501880752, 2, 15), 1, 1, "5", {"enhanceFirstHeight15($x,$y,$z)", "enhanceTotalHeight15($x,$y,$z)"}, 1, 0, 0)
-- MS_setBoundaryLayerExp(n2101517400544, GM_entityByTag(r2101501880752, 2, 16), 1, 1, "5", {"enhanceFirstHeight16($x,$y,$z)", "enhanceTotalHeight16($x,$y,$z)"}, 1, 0, 0)
MS_setBoundaryLayerExp(n2101517400544, GM_entityByTag(r2101501880752, 2, 16), 1, 1, "5", {"enhanceFirstHeight16($x,$y,$z)", "enhanceTotalHeight16($x,$y,$z)"}, 1, 0, 0)
-- MS_setBoundaryLayerExp(n2101517400544, GM_entityByTag(r2101501880752, 2, 17), 1, 1, "5", {"enhanceFirstHeight17($x,$y,$z)", "enhanceTotalHeight17($x,$y,$z)"}, 1, 0, 0)
MS_setBoundaryLayerExp(n2101517400544, GM_entityByTag(r2101501880752, 2, 17), 1, 1, "5", {"enhanceFirstHeight17($x,$y,$z)", "enhanceTotalHeight17($x,$y,$z)"}, 1, 0, 0)
-- MS_setBoundaryLayerExp(n2101517400544, GM_entityByTag(r2101501880752, 2, 18), 1, 1, "5", {"enhanceFirstHeight18($x,$y,$z)", "enhanceTotalHeight18($x,$y,$z)"}, 1, 0, 0)
MS_setBoundaryLayerExp(n2101517400544, GM_entityByTag(r2101501880752, 2, 18), 1, 1, "5", {"enhanceFirstHeight18($x,$y,$z)", "enhanceTotalHeight18($x,$y,$z)"}, 1, 0, 0)
-- MS_setBoundaryLayerExp(n2101517400544, GM_entityByTag(r2101501880752, 2, 19), 1, 1, "5", {"enhanceFirstHeight19($x,$y,$z)", "enhanceTotalHeight19($x,$y,$z)"}, 1, 0, 0)
MS_setBoundaryLayerExp(n2101517400544, GM_entityByTag(r2101501880752, 2, 19), 1, 1, "5", {"enhanceFirstHeight19($x,$y,$z)", "enhanceTotalHeight19($x,$y,$z)"}, 1, 0, 0)
-- MS_setBoundaryLayerExp(n2101517400544, GM_entityByTag(r2101501880752, 2, 20), 1, 1, "5", {"enhanceFirstHeight20($x,$y,$z)", "enhanceTotalHeight20($x,$y,$z)"}, 1, 0, 0)
MS_setBoundaryLayerExp(n2101517400544, GM_entityByTag(r2101501880752, 2, 20), 1, 1, "5", {"enhanceFirstHeight20($x,$y,$z)", "enhanceTotalHeight20($x,$y,$z)"}, 1, 0, 0)
-- MS_setBoundaryLayerExp(n2101517400544, GM_entityByTag(r2101501880752, 2, 21), 1, 1, "5", {"enhanceFirstHeight21($x,$y,$z)", "enhanceTotalHeight21($x,$y,$z)"}, 1, 0, 0)
MS_setBoundaryLayerExp(n2101517400544, GM_entityByTag(r2101501880752, 2, 21), 1, 1, "5", {"enhanceFirstHeight21($x,$y,$z)", "enhanceTotalHeight21($x,$y,$z)"}, 1, 0, 0)
-- MS_setBoundaryLayerExp(n2101517400544, GM_entityByTag(r2101501880752, 2, 22), 1, 1, "5", {"enhanceFirstHeight22($x,$y,$z)", "enhanceTotalHeight22($x,$y,$z)"}, 1, 0, 0)
MS_setBoundaryLayerExp(n2101517400544, GM_entityByTag(r2101501880752, 2, 22), 1, 1, "5", {"enhanceFirstHeight22($x,$y,$z)", "enhanceTotalHeight22($x,$y,$z)"}, 1, 0, 0)
-- MS_setBoundaryLayerExp(n2101517400544, GM_entityByTag(r2101501880752, 2, 23), 1, 1, "5", {"enhanceFirstHeight23($x,$y,$z)", "enhanceTotalHeight23($x,$y,$z)"}, 1, 0, 0)
MS_setBoundaryLayerExp(n2101517400544, GM_entityByTag(r2101501880752, 2, 23), 1, 1, "5", {"enhanceFirstHeight23($x,$y,$z)", "enhanceTotalHeight23($x,$y,$z)"}, 1, 0, 0)
-- MS_setBoundaryLayerExp(n2101517400544, GM_entityByTag(r2101501880752, 2, 24), 1, 1, "5", {"enhanceFirstHeight24($x,$y,$z)", "enhanceTotalHeight24($x,$y,$z)"}, 1, 0, 0)
MS_setBoundaryLayerExp(n2101517400544, GM_entityByTag(r2101501880752, 2, 24), 1, 1, "5", {"enhanceFirstHeight24($x,$y,$z)", "enhanceTotalHeight24($x,$y,$z)"}, 1, 0, 0)
-- MS_setBoundaryLayerExp(n2101517400544, GM_entityByTag(r2101501880752, 2, 25), 1, 1, "5", {"enhanceFirstHeight25($x,$y,$z)", "enhanceTotalHeight25($x,$y,$z)"}, 1, 0, 0)
MS_setBoundaryLayerExp(n2101517400544, GM_entityByTag(r2101501880752, 2, 25), 1, 1, "5", {"enhanceFirstHeight25($x,$y,$z)", "enhanceTotalHeight25($x,$y,$z)"}, 1, 0, 0)
-- MS_setBoundaryLayerExp(n2101517400544, GM_entityByTag(r2101501880752, 2, 26), 1, 1, "5", {"enhanceFirstHeight26($x,$y,$z)", "enhanceTotalHeight26($x,$y,$z)"}, 1, 0, 0)
MS_setBoundaryLayerExp(n2101517400544, GM_entityByTag(r2101501880752, 2, 26), 1, 1, "5", {"enhanceFirstHeight26($x,$y,$z)", "enhanceTotalHeight26($x,$y,$z)"}, 1, 0, 0)
-- MS_setBoundaryLayerExp(n2101517400544, GM_entityByTag(r2101501880752, 2, 27), 1, 1, "5", {"enhanceFirstHeight27($x,$y,$z)", "enhanceTotalHeight27($x,$y,$z)"}, 1, 0, 0)
MS_setBoundaryLayerExp(n2101517400544, GM_entityByTag(r2101501880752, 2, 27), 1, 1, "5", {"enhanceFirstHeight27($x,$y,$z)", "enhanceTotalHeight27($x,$y,$z)"}, 1, 0, 0)
-- MS_setBoundaryLayerExp(n2101517400544, GM_entityByTag(r2101501880752, 2, 28), 1, 1, "5", {"enhanceFirstHeight28($x,$y,$z)", "enhanceTotalHeight28($x,$y,$z)"}, 1, 0, 0)
MS_setBoundaryLayerExp(n2101517400544, GM_entityByTag(r2101501880752, 2, 28), 1, 1, "5", {"enhanceFirstHeight28($x,$y,$z)", "enhanceTotalHeight28($x,$y,$z)"}, 1, 0, 0)
-- MS_setBoundaryLayerExp(n2101517400544, GM_entityByTag(r2101501880752, 2, 29), 1, 1, "5", {"enhanceFirstHeight29($x,$y,$z)", "enhanceTotalHeight29($x,$y,$z)"}, 1, 0, 0)
MS_setBoundaryLayerExp(n2101517400544, GM_entityByTag(r2101501880752, 2, 29), 1, 1, "5", {"enhanceFirstHeight29($x,$y,$z)", "enhanceTotalHeight29($x,$y,$z)"}, 1, 0, 0)
-- MS_setBoundaryLayerExp(n2101517400544, GM_entityByTag(r2101501880752, 2, 30), 1, 1, "5", {"enhanceFirstHeight30($x,$y,$z)", "enhanceTotalHeight30($x,$y,$z)"}, 1, 0, 0)
MS_setBoundaryLayerExp(n2101517400544, GM_entityByTag(r2101501880752, 2, 30), 1, 1, "5", {"enhanceFirstHeight30($x,$y,$z)", "enhanceTotalHeight30($x,$y,$z)"}, 1, 0, 0)
-- MS_setBoundaryLayerExp(n2101517400544, GM_entityByTag(r2101501880752, 2, 31), 1, 1, "5", {"enhanceFirstHeight31($x,$y,$z)", "enhanceTotalHeight31($x,$y,$z)"}, 1, 0, 0)
MS_setBoundaryLayerExp(n2101517400544, GM_entityByTag(r2101501880752, 2, 31), 1, 1, "5", {"enhanceFirstHeight31($x,$y,$z)", "enhanceTotalHeight31($x,$y,$z)"}, 1, 0, 0)
-- MS_setBoundaryLayerExp(n2101517400544, GM_entityByTag(r2101501880752, 2, 32), 1, 1, "5", {"enhanceFirstHeight32($x,$y,$z)", "enhanceTotalHeight32($x,$y,$z)"}, 1, 0, 0)
MS_setBoundaryLayerExp(n2101517400544, GM_entityByTag(r2101501880752, 2, 32), 1, 1, "5", {"enhanceFirstHeight32($x,$y,$z)", "enhanceTotalHeight32($x,$y,$z)"}, 1, 0, 0)
-- MS_setBoundaryLayerExp(n2101517400544, GM_entityByTag(r2101501880752, 2, 33), 1, 1, "5", {"enhanceFirstHeight33($x,$y,$z)", "enhanceTotalHeight33($x,$y,$z)"}, 1, 0, 0)
MS_setBoundaryLayerExp(n2101517400544, GM_entityByTag(r2101501880752, 2, 33), 1, 1, "5", {"enhanceFirstHeight33($x,$y,$z)", "enhanceTotalHeight33($x,$y,$z)"}, 1, 0, 0)
-- MS_setBoundaryLayerExp(n2101517400544, GM_entityByTag(r2101501880752, 2, 34), 1, 1, "5", {"enhanceFirstHeight34($x,$y,$z)", "enhanceTotalHeight34($x,$y,$z)"}, 1, 0, 0)
MS_setBoundaryLayerExp(n2101517400544, GM_entityByTag(r2101501880752, 2, 34), 1, 1, "5", {"enhanceFirstHeight34($x,$y,$z)", "enhanceTotalHeight34($x,$y,$z)"}, 1, 0, 0)
-- MS_setBoundaryLayerExp(n2101517400544, GM_entityByTag(r2101501880752, 2, 35), 1, 1, "5", {"enhanceFirstHeight35($x,$y,$z)", "enhanceTotalHeight35($x,$y,$z)"}, 1, 0, 0)
MS_setBoundaryLayerExp(n2101517400544, GM_entityByTag(r2101501880752, 2, 35), 1, 1, "5", {"enhanceFirstHeight35($x,$y,$z)", "enhanceTotalHeight35($x,$y,$z)"}, 1, 0, 0)
-- MS_setBoundaryLayerExp(n2101517400544, GM_entityByTag(r2101501880752, 2, 36), 1, 1, "5", {"enhanceFirstHeight36($x,$y,$z)", "enhanceTotalHeight36($x,$y,$z)"}, 1, 0, 0)
MS_setBoundaryLayerExp(n2101517400544, GM_entityByTag(r2101501880752, 2, 36), 1, 1, "5", {"enhanceFirstHeight36($x,$y,$z)", "enhanceTotalHeight36($x,$y,$z)"}, 1, 0, 0)
-- MS_setBoundaryLayerExp(n2101517400544, GM_entityByTag(r2101501880752, 2, 37), 1, 1, "5", {"enhanceFirstHeight37($x,$y,$z)", "enhanceTotalHeight37($x,$y,$z)"}, 1, 0, 0)
MS_setBoundaryLayerExp(n2101517400544, GM_entityByTag(r2101501880752, 2, 37), 1, 1, "5", {"enhanceFirstHeight37($x,$y,$z)", "enhanceTotalHeight37($x,$y,$z)"}, 1, 0, 0)
-- MS_setBoundaryLayerExp(n2101517400544, GM_entityByTag(r2101501880752, 2, 38), 1, 1, "5", {"enhanceFirstHeight38($x,$y,$z)", "enhanceTotalHeight38($x,$y,$z)"}, 1, 0, 0)
MS_setBoundaryLayerExp(n2101517400544, GM_entityByTag(r2101501880752, 2, 38), 1, 1, "5", {"enhanceFirstHeight38($x,$y,$z)", "enhanceTotalHeight38($x,$y,$z)"}, 1, 0, 0)
-- MS_setBoundaryLayerExp(n2101517400544, GM_entityByTag(r2101501880752, 2, 39), 1, 1, "5", {"enhanceFirstHeight39($x,$y,$z)", "enhanceTotalHeight39($x,$y,$z)"}, 1, 0, 0)
MS_setBoundaryLayerExp(n2101517400544, GM_entityByTag(r2101501880752, 2, 39), 1, 1, "5", {"enhanceFirstHeight39($x,$y,$z)", "enhanceTotalHeight39($x,$y,$z)"}, 1, 0, 0)
-- MS_setBoundaryLayerExp(n2101517400544, GM_entityByTag(r2101501880752, 2, 40), 1, 1, "5", {"enhanceFirstHeight40($x,$y,$z)", "enhanceTotalHeight40($x,$y,$z)"}, 1, 0, 0)
MS_setBoundaryLayerExp(n2101517400544, GM_entityByTag(r2101501880752, 2, 40), 1, 1, "5", {"enhanceFirstHeight40($x,$y,$z)", "enhanceTotalHeight40($x,$y,$z)"}, 1, 0, 0)
-- MS_setBoundaryLayerExp(n2101517400544, GM_entityByTag(r2101501880752, 2, 41), 1, 1, "5", {"enhanceFirstHeight41($x,$y,$z)", "enhanceTotalHeight41($x,$y,$z)"}, 1, 0, 0)
MS_setBoundaryLayerExp(n2101517400544, GM_entityByTag(r2101501880752, 2, 41), 1, 1, "5", {"enhanceFirstHeight41($x,$y,$z)", "enhanceTotalHeight41($x,$y,$z)"}, 1, 0, 0)
-- MS_setBoundaryLayerExp(n2101517400544, GM_entityByTag(r2101501880752, 2, 42), 1, 1, "5", {"enhanceFirstHeight42($x,$y,$z)", "enhanceTotalHeight42($x,$y,$z)"}, 1, 0, 0)
MS_setBoundaryLayerExp(n2101517400544, GM_entityByTag(r2101501880752, 2, 42), 1, 1, "5", {"enhanceFirstHeight42($x,$y,$z)", "enhanceTotalHeight42($x,$y,$z)"}, 1, 0, 0)
-- MS_setBoundaryLayerExp(n2101517400544, GM_entityByTag(r2101501880752, 2, 43), 1, 1, "5", {"enhanceFirstHeight43($x,$y,$z)", "enhanceTotalHeight43($x,$y,$z)"}, 1, 0, 0)
MS_setBoundaryLayerExp(n2101517400544, GM_entityByTag(r2101501880752, 2, 43), 1, 1, "5", {"enhanceFirstHeight43($x,$y,$z)", "enhanceTotalHeight43($x,$y,$z)"}, 1, 0, 0)
-- MS_setBoundaryLayerExp(n2101517400544, GM_entityByTag(r2101501880752, 2, 44), 1, 1, "5", {"enhanceFirstHeight44($x,$y,$z)", "enhanceTotalHeight44($x,$y,$z)"}, 1, 0, 0)
MS_setBoundaryLayerExp(n2101517400544, GM_entityByTag(r2101501880752, 2, 44), 1, 1, "5", {"enhanceFirstHeight44($x,$y,$z)", "enhanceTotalHeight44($x,$y,$z)"}, 1, 0, 0)
-- MS_setBoundaryLayerExp(n2101517400544, GM_entityByTag(r2101501880752, 2, 45), 1, 1, "5", {"enhanceFirstHeight45($x,$y,$z)", "enhanceTotalHeight45($x,$y,$z)"}, 1, 0, 0)
MS_setBoundaryLayerExp(n2101517400544, GM_entityByTag(r2101501880752, 2, 45), 1, 1, "5", {"enhanceFirstHeight45($x,$y,$z)", "enhanceTotalHeight45($x,$y,$z)"}, 1, 0, 0)
-- MS_setBoundaryLayerExp(n2101517400544, GM_entityByTag(r2101501880752, 2, 46), 1, 1, "5", {"enhanceFirstHeight46($x,$y,$z)", "enhanceTotalHeight46($x,$y,$z)"}, 1, 0, 0)
MS_setBoundaryLayerExp(n2101517400544, GM_entityByTag(r2101501880752, 2, 46), 1, 1, "5", {"enhanceFirstHeight46($x,$y,$z)", "enhanceTotalHeight46($x,$y,$z)"}, 1, 0, 0)
-- MS_setBoundaryLayerExp(n2101517400544, GM_entityByTag(r2101501880752, 2, 47), 1, 1, "5", {"enhanceFirstHeight47($x,$y,$z)", "enhanceTotalHeight47($x,$y,$z)"}, 1, 0, 0)
MS_setBoundaryLayerExp(n2101517400544, GM_entityByTag(r2101501880752, 2, 47), 1, 1, "5", {"enhanceFirstHeight47($x,$y,$z)", "enhanceTotalHeight47($x,$y,$z)"}, 1, 0, 0)
-- MS_setBoundaryLayerExp(n2101517400544, GM_entityByTag(r2101501880752, 2, 48), 1, 1, "5", {"enhanceFirstHeight48($x,$y,$z)", "enhanceTotalHeight48($x,$y,$z)"}, 1, 0, 0)
MS_setBoundaryLayerExp(n2101517400544, GM_entityByTag(r2101501880752, 2, 48), 1, 1, "5", {"enhanceFirstHeight48($x,$y,$z)", "enhanceTotalHeight48($x,$y,$z)"}, 1, 0, 0)
-- MS_setBoundaryLayerExp(n2101517400544, GM_entityByTag(r2101501880752, 2, 49), 1, 1, "5", {"enhanceFirstHeight49($x,$y,$z)", "enhanceTotalHeight49($x,$y,$z)"}, 1, 0, 0)
MS_setBoundaryLayerExp(n2101517400544, GM_entityByTag(r2101501880752, 2, 49), 1, 1, "5", {"enhanceFirstHeight49($x,$y,$z)", "enhanceTotalHeight49($x,$y,$z)"}, 1, 0, 0)
-- MS_setBoundaryLayerExp(n2101517400544, GM_entityByTag(r2101501880752, 2, 50), 1, 1, "5", {"enhanceFirstHeight50($x,$y,$z)", "enhanceTotalHeight50($x,$y,$z)"}, 1, 0, 0)
MS_setBoundaryLayerExp(n2101517400544, GM_entityByTag(r2101501880752, 2, 50), 1, 1, "5", {"enhanceFirstHeight50($x,$y,$z)", "enhanceTotalHeight50($x,$y,$z)"}, 1, 0, 0)
-- MS_setBoundaryLayerExp(n2101517400544, GM_entityByTag(r2101501880752, 2, 51), 1, 1, "5", {"enhanceFirstHeight51($x,$y,$z)", "enhanceTotalHeight51($x,$y,$z)"}, 1, 0, 0)
MS_setBoundaryLayerExp(n2101517400544, GM_entityByTag(r2101501880752, 2, 51), 1, 1, "5", {"enhanceFirstHeight51($x,$y,$z)", "enhanceTotalHeight51($x,$y,$z)"}, 1, 0, 0)
-- MS_setBoundaryLayerExp(n2101517400544, GM_entityByTag(r2101501880752, 2, 52), 1, 1, "5", {"enhanceFirstHeight52($x,$y,$z)", "enhanceTotalHeight52($x,$y,$z)"}, 1, 0, 0)
MS_setBoundaryLayerExp(n2101517400544, GM_entityByTag(r2101501880752, 2, 52), 1, 1, "5", {"enhanceFirstHeight52($x,$y,$z)", "enhanceTotalHeight52($x,$y,$z)"}, 1, 0, 0)
-- MS_setBoundaryLayerExp(n2101517400544, GM_entityByTag(r2101501880752, 2, 53), 1, 1, "5", {"enhanceFirstHeight53($x,$y,$z)", "enhanceTotalHeight53($x,$y,$z)"}, 1, 0, 0)
MS_setBoundaryLayerExp(n2101517400544, GM_entityByTag(r2101501880752, 2, 53), 1, 1, "5", {"enhanceFirstHeight53($x,$y,$z)", "enhanceTotalHeight53($x,$y,$z)"}, 1, 0, 0)
-- MS_setBoundaryLayerExp(n2101517400544, GM_entityByTag(r2101501880752, 2, 54), 1, 1, "5", {"enhanceFirstHeight54($x,$y,$z)", "enhanceTotalHeight54($x,$y,$z)"}, 1, 0, 0)
MS_setBoundaryLayerExp(n2101517400544, GM_entityByTag(r2101501880752, 2, 54), 1, 1, "5", {"enhanceFirstHeight54($x,$y,$z)", "enhanceTotalHeight54($x,$y,$z)"}, 1, 0, 0)
-- MS_setBoundaryLayerExp(n2101517400544, GM_entityByTag(r2101501880752, 2, 55), 1, 1, "5", {"enhanceFirstHeight55($x,$y,$z)", "enhanceTotalHeight55($x,$y,$z)"}, 1, 0, 0)
MS_setBoundaryLayerExp(n2101517400544, GM_entityByTag(r2101501880752, 2, 55), 1, 1, "5", {"enhanceFirstHeight55($x,$y,$z)", "enhanceTotalHeight55($x,$y,$z)"}, 1, 0, 0)
-- MS_setBoundaryLayerExp(n2101517400544, GM_entityByTag(r2101501880752, 2, 56), 1, 1, "5", {"enhanceFirstHeight56($x,$y,$z)", "enhanceTotalHeight56($x,$y,$z)"}, 1, 0, 0)
MS_setBoundaryLayerExp(n2101517400544, GM_entityByTag(r2101501880752, 2, 56), 1, 1, "5", {"enhanceFirstHeight56($x,$y,$z)", "enhanceTotalHeight56($x,$y,$z)"}, 1, 0, 0)
-- MS_setBoundaryLayerExp(n2101517400544, GM_entityByTag(r2101501880752, 2, 57), 1, 1, "5", {"enhanceFirstHeight57($x,$y,$z)", "enhanceTotalHeight57($x,$y,$z)"}, 1, 0, 0)
MS_setBoundaryLayerExp(n2101517400544, GM_entityByTag(r2101501880752, 2, 57), 1, 1, "5", {"enhanceFirstHeight57($x,$y,$z)", "enhanceTotalHeight57($x,$y,$z)"}, 1, 0, 0)
-- MS_setBoundaryLayerExp(n2101517400544, GM_entityByTag(r2101501880752, 2, 58), 1, 1, "5", {"enhanceFirstHeight58($x,$y,$z)", "enhanceTotalHeight58($x,$y,$z)"}, 1, 0, 0)
MS_setBoundaryLayerExp(n2101517400544, GM_entityByTag(r2101501880752, 2, 58), 1, 1, "5", {"enhanceFirstHeight58($x,$y,$z)", "enhanceTotalHeight58($x,$y,$z)"}, 1, 0, 0)
-- MS_setBoundaryLayerExp(n2101517400544, GM_entityByTag(r2101501880752, 2, 59), 1, 1, "5", {"enhanceFirstHeight59($x,$y,$z)", "enhanceTotalHeight59($x,$y,$z)"}, 1, 0, 0)
MS_setBoundaryLayerExp(n2101517400544, GM_entityByTag(r2101501880752, 2, 59), 1, 1, "5", {"enhanceFirstHeight59($x,$y,$z)", "enhanceTotalHeight59($x,$y,$z)"}, 1, 0, 0)
-- MS_setBoundaryLayerExp(n2101517400544, GM_entityByTag(r2101501880752, 2, 60), 1, 1, "5", {"enhanceFirstHeight60($x,$y,$z)", "enhanceTotalHeight60($x,$y,$z)"}, 1, 0, 0)
MS_setBoundaryLayerExp(n2101517400544, GM_entityByTag(r2101501880752, 2, 60), 1, 1, "5", {"enhanceFirstHeight60($x,$y,$z)", "enhanceTotalHeight60($x,$y,$z)"}, 1, 0, 0)
-- MS_setBoundaryLayerExp(n2101517400544, GM_entityByTag(r2101501880752, 2, 61), 1, 1, "5", {"enhanceFirstHeight61($x,$y,$z)", "enhanceTotalHeight61($x,$y,$z)"}, 1, 0, 0)
MS_setBoundaryLayerExp(n2101517400544, GM_entityByTag(r2101501880752, 2, 61), 1, 1, "5", {"enhanceFirstHeight61($x,$y,$z)", "enhanceTotalHeight61($x,$y,$z)"}, 1, 0, 0)
-- MS_setBoundaryLayerExp(n2101517400544, GM_entityByTag(r2101501880752, 2, 62), 1, 1, "5", {"enhanceFirstHeight62($x,$y,$z)", "enhanceTotalHeight62($x,$y,$z)"}, 1, 0, 0)
MS_setBoundaryLayerExp(n2101517400544, GM_entityByTag(r2101501880752, 2, 62), 1, 1, "5", {"enhanceFirstHeight62($x,$y,$z)", "enhanceTotalHeight62($x,$y,$z)"}, 1, 0, 0)
-- MS_setBoundaryLayerExp(n2101517400544, GM_entityByTag(r2101501880752, 2, 63), 1, 1, "5", {"enhanceFirstHeight63($x,$y,$z)", "enhanceTotalHeight63($x,$y,$z)"}, 1, 0, 0)
MS_setBoundaryLayerExp(n2101517400544, GM_entityByTag(r2101501880752, 2, 63), 1, 1, "5", {"enhanceFirstHeight63($x,$y,$z)", "enhanceTotalHeight63($x,$y,$z)"}, 1, 0, 0)
-- MS_setBoundaryLayerExp(n2101517400544, GM_entityByTag(r2101501880752, 2, 64), 1, 1, "5", {"enhanceFirstHeight64($x,$y,$z)", "enhanceTotalHeight64($x,$y,$z)"}, 1, 0, 0)
MS_setBoundaryLayerExp(n2101517400544, GM_entityByTag(r2101501880752, 2, 64), 1, 1, "5", {"enhanceFirstHeight64($x,$y,$z)", "enhanceTotalHeight64($x,$y,$z)"}, 1, 0, 0)
-- MS_setBoundaryLayerExp(n2101517400544, GM_entityByTag(r2101501880752, 2, 65), 1, 1, "5", {"enhanceFirstHeight65($x,$y,$z)", "enhanceTotalHeight65($x,$y,$z)"}, 1, 0, 0)
MS_setBoundaryLayerExp(n2101517400544, GM_entityByTag(r2101501880752, 2, 65), 1, 1, "5", {"enhanceFirstHeight65($x,$y,$z)", "enhanceTotalHeight65($x,$y,$z)"}, 1, 0, 0)
-- MS_setBoundaryLayerExp(n2101517400544, GM_entityByTag(r2101501880752, 2, 66), 1, 1, "5", {"enhanceFirstHeight66($x,$y,$z)", "enhanceTotalHeight66($x,$y,$z)"}, 1, 0, 0)
MS_setBoundaryLayerExp(n2101517400544, GM_entityByTag(r2101501880752, 2, 66), 1, 1, "5", {"enhanceFirstHeight66($x,$y,$z)", "enhanceTotalHeight66($x,$y,$z)"}, 1, 0, 0)
-- MS_setBoundaryLayerExp(n2101517400544, GM_entityByTag(r2101501880752, 2, 67), 1, 1, "5", {"enhanceFirstHeight67($x,$y,$z)", "enhanceTotalHeight67($x,$y,$z)"}, 1, 0, 0)
MS_setBoundaryLayerExp(n2101517400544, GM_entityByTag(r2101501880752, 2, 67), 1, 1, "5", {"enhanceFirstHeight67($x,$y,$z)", "enhanceTotalHeight67($x,$y,$z)"}, 1, 0, 0)
-- MS_setBoundaryLayerExp(n2101517400544, GM_entityByTag(r2101501880752, 2, 68), 1, 1, "5", {"enhanceFirstHeight68($x,$y,$z)", "enhanceTotalHeight68($x,$y,$z)"}, 1, 0, 0)
MS_setBoundaryLayerExp(n2101517400544, GM_entityByTag(r2101501880752, 2, 68), 1, 1, "5", {"enhanceFirstHeight68($x,$y,$z)", "enhanceTotalHeight68($x,$y,$z)"}, 1, 0, 0)
-- MS_setBoundaryLayerExp(n2101517400544, GM_entityByTag(r2101501880752, 2, 69), 1, 1, "5", {"enhanceFirstHeight69($x,$y,$z)", "enhanceTotalHeight69($x,$y,$z)"}, 1, 0, 0)
MS_setBoundaryLayerExp(n2101517400544, GM_entityByTag(r2101501880752, 2, 69), 1, 1, "5", {"enhanceFirstHeight69($x,$y,$z)", "enhanceTotalHeight69($x,$y,$z)"}, 1, 0, 0)
-- MS_setBoundaryLayerExp(n2101517400544, GM_entityByTag(r2101501880752, 2, 70), 1, 1, "5", {"enhanceFirstHeight70($x,$y,$z)", "enhanceTotalHeight70($x,$y,$z)"}, 1, 0, 0)
MS_setBoundaryLayerExp(n2101517400544, GM_entityByTag(r2101501880752, 2, 70), 1, 1, "5", {"enhanceFirstHeight70($x,$y,$z)", "enhanceTotalHeight70($x,$y,$z)"}, 1, 0, 0)
-- MS_setBoundaryLayerExp(n2101517400544, GM_entityByTag(r2101501880752, 2, 71), 1, 1, "5", {"enhanceFirstHeight71($x,$y,$z)", "enhanceTotalHeight71($x,$y,$z)"}, 1, 0, 0)
MS_setBoundaryLayerExp(n2101517400544, GM_entityByTag(r2101501880752, 2, 71), 1, 1, "5", {"enhanceFirstHeight71($x,$y,$z)", "enhanceTotalHeight71($x,$y,$z)"}, 1, 0, 0)
-- MS_setBoundaryLayerExp(n2101517400544, GM_entityByTag(r2101501880752, 2, 72), 1, 1, "5", {"enhanceFirstHeight72($x,$y,$z)", "enhanceTotalHeight72($x,$y,$z)"}, 1, 0, 0)
MS_setBoundaryLayerExp(n2101517400544, GM_entityByTag(r2101501880752, 2, 72), 1, 1, "5", {"enhanceFirstHeight72($x,$y,$z)", "enhanceTotalHeight72($x,$y,$z)"}, 1, 0, 0)
-- MS_setBoundaryLayerExp(n2101517400544, GM_entityByTag(r2101501880752, 2, 73), 1, 1, "5", {"enhanceFirstHeight73($x,$y,$z)", "enhanceTotalHeight73($x,$y,$z)"}, 1, 0, 0)
MS_setBoundaryLayerExp(n2101517400544, GM_entityByTag(r2101501880752, 2, 73), 1, 1, "5", {"enhanceFirstHeight73($x,$y,$z)", "enhanceTotalHeight73($x,$y,$z)"}, 1, 0, 0)
-- MS_setBoundaryLayerExp(n2101517400544, GM_entityByTag(r2101501880752, 2, 74), 1, 1, "5", {"enhanceFirstHeight74($x,$y,$z)", "enhanceTotalHeight74($x,$y,$z)"}, 1, 0, 0)
MS_setBoundaryLayerExp(n2101517400544, GM_entityByTag(r2101501880752, 2, 74), 1, 1, "5", {"enhanceFirstHeight74($x,$y,$z)", "enhanceTotalHeight74($x,$y,$z)"}, 1, 0, 0)
-- MS_setBoundaryLayerExp(n2101517400544, GM_entityByTag(r2101501880752, 2, 75), 1, 1, "5", {"enhanceFirstHeight75($x,$y,$z)", "enhanceTotalHeight75($x,$y,$z)"}, 1, 0, 0)
MS_setBoundaryLayerExp(n2101517400544, GM_entityByTag(r2101501880752, 2, 75), 1, 1, "5", {"enhanceFirstHeight75($x,$y,$z)", "enhanceTotalHeight75($x,$y,$z)"}, 1, 0, 0)
-- MS_setBoundaryLayerExp(n2101517400544, GM_entityByTag(r2101501880752, 2, 76), 1, 1, "5", {"enhanceFirstHeight76($x,$y,$z)", "enhanceTotalHeight76($x,$y,$z)"}, 1, 0, 0)
MS_setBoundaryLayerExp(n2101517400544, GM_entityByTag(r2101501880752, 2, 76), 1, 1, "5", {"enhanceFirstHeight76($x,$y,$z)", "enhanceTotalHeight76($x,$y,$z)"}, 1, 0, 0)
-- MS_setBoundaryLayerExp(n2101517400544, GM_entityByTag(r2101501880752, 2, 77), 1, 1, "5", {"enhanceFirstHeight77($x,$y,$z)", "enhanceTotalHeight77($x,$y,$z)"}, 1, 0, 0)
MS_setBoundaryLayerExp(n2101517400544, GM_entityByTag(r2101501880752, 2, 77), 1, 1, "5", {"enhanceFirstHeight77($x,$y,$z)", "enhanceTotalHeight77($x,$y,$z)"}, 1, 0, 0)
-- MS_setBoundaryLayerExp(n2101517400544, GM_entityByTag(r2101501880752, 2, 78), 1, 1, "5", {"enhanceFirstHeight78($x,$y,$z)", "enhanceTotalHeight78($x,$y,$z)"}, 1, 0, 0)
MS_setBoundaryLayerExp(n2101517400544, GM_entityByTag(r2101501880752, 2, 78), 1, 1, "5", {"enhanceFirstHeight78($x,$y,$z)", "enhanceTotalHeight78($x,$y,$z)"}, 1, 0, 0)
-- MS_setBoundaryLayerExp(n2101517400544, GM_entityByTag(r2101501880752, 2, 79), 1, 1, "5", {"enhanceFirstHeight79($x,$y,$z)", "enhanceTotalHeight79($x,$y,$z)"}, 1, 0, 0)
MS_setBoundaryLayerExp(n2101517400544, GM_entityByTag(r2101501880752, 2, 79), 1, 1, "5", {"enhanceFirstHeight79($x,$y,$z)", "enhanceTotalHeight79($x,$y,$z)"}, 1, 0, 0)
-- MS_setBoundaryLayerExp(n2101517400544, GM_entityByTag(r2101501880752, 2, 80), 1, 1, "5", {"enhanceFirstHeight80($x,$y,$z)", "enhanceTotalHeight80($x,$y,$z)"}, 1, 0, 0)
MS_setBoundaryLayerExp(n2101517400544, GM_entityByTag(r2101501880752, 2, 80), 1, 1, "5", {"enhanceFirstHeight80($x,$y,$z)", "enhanceTotalHeight80($x,$y,$z)"}, 1, 0, 0)
-- MS_setBoundaryLayerExp(n2101517400544, GM_entityByTag(r2101501880752, 2, 81), 1, 1, "5", {"enhanceFirstHeight81($x,$y,$z)", "enhanceTotalHeight81($x,$y,$z)"}, 1, 0, 0)
MS_setBoundaryLayerExp(n2101517400544, GM_entityByTag(r2101501880752, 2, 81), 1, 1, "5", {"enhanceFirstHeight81($x,$y,$z)", "enhanceTotalHeight81($x,$y,$z)"}, 1, 0, 0)
-- MS_setBoundaryLayerExp(n2101517400544, GM_entityByTag(r2101501880752, 2, 82), 1, 1, "5", {"enhanceFirstHeight82($x,$y,$z)", "enhanceTotalHeight82($x,$y,$z)"}, 1, 0, 0)
MS_setBoundaryLayerExp(n2101517400544, GM_entityByTag(r2101501880752, 2, 82), 1, 1, "5", {"enhanceFirstHeight82($x,$y,$z)", "enhanceTotalHeight82($x,$y,$z)"}, 1, 0, 0)
-- MS_setBoundaryLayerExp(n2101517400544, GM_entityByTag(r2101501880752, 2, 83), 1, 1, "5", {"enhanceFirstHeight83($x,$y,$z)", "enhanceTotalHeight83($x,$y,$z)"}, 1, 0, 0)
MS_setBoundaryLayerExp(n2101517400544, GM_entityByTag(r2101501880752, 2, 83), 1, 1, "5", {"enhanceFirstHeight83($x,$y,$z)", "enhanceTotalHeight83($x,$y,$z)"}, 1, 0, 0)
-- MS_setBoundaryLayerExp(n2101517400544, GM_entityByTag(r2101501880752, 2, 84), 1, 1, "5", {"enhanceFirstHeight84($x,$y,$z)", "enhanceTotalHeight84($x,$y,$z)"}, 1, 0, 0)
MS_setBoundaryLayerExp(n2101517400544, GM_entityByTag(r2101501880752, 2, 84), 1, 1, "5", {"enhanceFirstHeight84($x,$y,$z)", "enhanceTotalHeight84($x,$y,$z)"}, 1, 0, 0)
-- MS_setBoundaryLayerExp(n2101517400544, GM_entityByTag(r2101501880752, 2, 85), 1, 1, "5", {"enhanceFirstHeight85($x,$y,$z)", "enhanceTotalHeight85($x,$y,$z)"}, 1, 0, 0)
MS_setBoundaryLayerExp(n2101517400544, GM_entityByTag(r2101501880752, 2, 85), 1, 1, "5", {"enhanceFirstHeight85($x,$y,$z)", "enhanceTotalHeight85($x,$y,$z)"}, 1, 0, 0)
-- MS_setBoundaryLayerExp(n2101517400544, GM_entityByTag(r2101501880752, 2, 86), 1, 1, "5", {"enhanceFirstHeight86($x,$y,$z)", "enhanceTotalHeight86($x,$y,$z)"}, 1, 0, 0)
MS_setBoundaryLayerExp(n2101517400544, GM_entityByTag(r2101501880752, 2, 86), 1, 1, "5", {"enhanceFirstHeight86($x,$y,$z)", "enhanceTotalHeight86($x,$y,$z)"}, 1, 0, 0)
-- MS_setBoundaryLayerExp(n2101517400544, GM_entityByTag(r2101501880752, 2, 87), 1, 1, "5", {"enhanceFirstHeight87($x,$y,$z)", "enhanceTotalHeight87($x,$y,$z)"}, 1, 0, 0)
MS_setBoundaryLayerExp(n2101517400544, GM_entityByTag(r2101501880752, 2, 87), 1, 1, "5", {"enhanceFirstHeight87($x,$y,$z)", "enhanceTotalHeight87($x,$y,$z)"}, 1, 0, 0)
-- MS_setBoundaryLayerExp(n2101517400544, GM_entityByTag(r2101501880752, 2, 88), 1, 1, "5", {"enhanceFirstHeight88($x,$y,$z)", "enhanceTotalHeight88($x,$y,$z)"}, 1, 0, 0)
MS_setBoundaryLayerExp(n2101517400544, GM_entityByTag(r2101501880752, 2, 88), 1, 1, "5", {"enhanceFirstHeight88($x,$y,$z)", "enhanceTotalHeight88($x,$y,$z)"}, 1, 0, 0)
-- MS_setBoundaryLayerExp(n2101517400544, GM_entityByTag(r2101501880752, 2, 89), 1, 1, "5", {"enhanceFirstHeight89($x,$y,$z)", "enhanceTotalHeight89($x,$y,$z)"}, 1, 0, 0)
MS_setBoundaryLayerExp(n2101517400544, GM_entityByTag(r2101501880752, 2, 89), 1, 1, "5", {"enhanceFirstHeight89($x,$y,$z)", "enhanceTotalHeight89($x,$y,$z)"}, 1, 0, 0)
-- MS_setBoundaryLayerExp(n2101517400544, GM_entityByTag(r2101501880752, 2, 90), 1, 1, "5", {"enhanceFirstHeight90($x,$y,$z)", "enhanceTotalHeight90($x,$y,$z)"}, 1, 0, 0)
MS_setBoundaryLayerExp(n2101517400544, GM_entityByTag(r2101501880752, 2, 90), 1, 1, "5", {"enhanceFirstHeight90($x,$y,$z)", "enhanceTotalHeight90($x,$y,$z)"}, 1, 0, 0)
-- MS_setBoundaryLayerExp(n2101517400544, GM_entityByTag(r2101501880752, 2, 91), 1, 1, "5", {"enhanceFirstHeight91($x,$y,$z)", "enhanceTotalHeight91($x,$y,$z)"}, 1, 0, 0)
MS_setBoundaryLayerExp(n2101517400544, GM_entityByTag(r2101501880752, 2, 91), 1, 1, "5", {"enhanceFirstHeight91($x,$y,$z)", "enhanceTotalHeight91($x,$y,$z)"}, 1, 0, 0)
-- MS_setBoundaryLayerExp(n2101517400544, GM_entityByTag(r2101501880752, 2, 92), 1, 1, "5", {"enhanceFirstHeight92($x,$y,$z)", "enhanceTotalHeight92($x,$y,$z)"}, 1, 0, 0)
MS_setBoundaryLayerExp(n2101517400544, GM_entityByTag(r2101501880752, 2, 92), 1, 1, "5", {"enhanceFirstHeight92($x,$y,$z)", "enhanceTotalHeight92($x,$y,$z)"}, 1, 0, 0)
-- MS_setBoundaryLayerExp(n2101517400544, GM_entityByTag(r2101501880752, 2, 93), 1, 1, "5", {"enhanceFirstHeight93($x,$y,$z)", "enhanceTotalHeight93($x,$y,$z)"}, 1, 0, 0)
MS_setBoundaryLayerExp(n2101517400544, GM_entityByTag(r2101501880752, 2, 93), 1, 1, "5", {"enhanceFirstHeight93($x,$y,$z)", "enhanceTotalHeight93($x,$y,$z)"}, 1, 0, 0)
-- MS_setBoundaryLayerExp(n2101517400544, GM_entityByTag(r2101501880752, 2, 94), 1, 1, "5", {"enhanceFirstHeight94($x,$y,$z)", "enhanceTotalHeight94($x,$y,$z)"}, 1, 0, 0)
MS_setBoundaryLayerExp(n2101517400544, GM_entityByTag(r2101501880752, 2, 94), 1, 1, "5", {"enhanceFirstHeight94($x,$y,$z)", "enhanceTotalHeight94($x,$y,$z)"}, 1, 0, 0)
-- MS_setBoundaryLayerExp(n2101517400544, GM_entityByTag(r2101501880752, 2, 95), 1, 1, "5", {"enhanceFirstHeight95($x,$y,$z)", "enhanceTotalHeight95($x,$y,$z)"}, 1, 0, 0)
MS_setBoundaryLayerExp(n2101517400544, GM_entityByTag(r2101501880752, 2, 95), 1, 1, "5", {"enhanceFirstHeight95($x,$y,$z)", "enhanceTotalHeight95($x,$y,$z)"}, 1, 0, 0)
-- MS_setBoundaryLayerExp(n2101517400544, GM_entityByTag(r2101501880752, 2, 96), 1, 1, "5", {"enhanceFirstHeight96($x,$y,$z)", "enhanceTotalHeight96($x,$y,$z)"}, 1, 0, 0)
MS_setBoundaryLayerExp(n2101517400544, GM_entityByTag(r2101501880752, 2, 96), 1, 1, "5", {"enhanceFirstHeight96($x,$y,$z)", "enhanceTotalHeight96($x,$y,$z)"}, 1, 0, 0)
-- MS_setBoundaryLayerExp(n2101517400544, GM_entityByTag(r2101501880752, 2, 97), 1, 1, "5", {"enhanceFirstHeight97($x,$y,$z)", "enhanceTotalHeight97($x,$y,$z)"}, 1, 0, 0)
MS_setBoundaryLayerExp(n2101517400544, GM_entityByTag(r2101501880752, 2, 97), 1, 1, "5", {"enhanceFirstHeight97($x,$y,$z)", "enhanceTotalHeight97($x,$y,$z)"}, 1, 0, 0)
-- MS_setBoundaryLayerExp(n2101517400544, GM_entityByTag(r2101501880752, 2, 98), 1, 1, "5", {"enhanceFirstHeight98($x,$y,$z)", "enhanceTotalHeight98($x,$y,$z)"}, 1, 0, 0)
MS_setBoundaryLayerExp(n2101517400544, GM_entityByTag(r2101501880752, 2, 98), 1, 1, "5", {"enhanceFirstHeight98($x,$y,$z)", "enhanceTotalHeight98($x,$y,$z)"}, 1, 0, 0)
-- MS_setBoundaryLayerExp(n2101517400544, GM_entityByTag(r2101501880752, 2, 99), 1, 1, "5", {"enhanceFirstHeight99($x,$y,$z)", "enhanceTotalHeight99($x,$y,$z)"}, 1, 0, 0)
MS_setBoundaryLayerExp(n2101517400544, GM_entityByTag(r2101501880752, 2, 99), 1, 1, "5", {"enhanceFirstHeight99($x,$y,$z)", "enhanceTotalHeight99($x,$y,$z)"}, 1, 0, 0)
-- MS_setBoundaryLayerExp(n2101517400544, GM_entityByTag(r2101501880752, 2, 100), 1, 1, "5", {"enhanceFirstHeight100($x,$y,$z)", "enhanceTotalHeight100($x,$y,$z)"}, 1, 0, 0)
MS_setBoundaryLayerExp(n2101517400544, GM_entityByTag(r2101501880752, 2, 100), 1, 1, "5", {"enhanceFirstHeight100($x,$y,$z)", "enhanceTotalHeight100($x,$y,$z)"}, 1, 0, 0)
-- MS_setBoundaryLayerExp(n2101517400544, GM_entityByTag(r2101501880752, 2, 101), 1, 1, "5", {"enhanceFirstHeight101($x,$y,$z)", "enhanceTotalHeight101($x,$y,$z)"}, 1, 0, 0)
MS_setBoundaryLayerExp(n2101517400544, GM_entityByTag(r2101501880752, 2, 101), 1, 1, "5", {"enhanceFirstHeight101($x,$y,$z)", "enhanceTotalHeight101($x,$y,$z)"}, 1, 0, 0)
-- MS_setBoundaryLayerExp(n2101517400544, GM_entityByTag(r2101501880752, 2, 102), 1, 1, "5", {"enhanceFirstHeight102($x,$y,$z)", "enhanceTotalHeight102($x,$y,$z)"}, 1, 0, 0)
MS_setBoundaryLayerExp(n2101517400544, GM_entityByTag(r2101501880752, 2, 102), 1, 1, "5", {"enhanceFirstHeight102($x,$y,$z)", "enhanceTotalHeight102($x,$y,$z)"}, 1, 0, 0)
-- MS_setBoundaryLayerExp(n2101517400544, GM_entityByTag(r2101501880752, 2, 103), 1, 1, "5", {"enhanceFirstHeight103($x,$y,$z)", "enhanceTotalHeight103($x,$y,$z)"}, 1, 0, 0)
MS_setBoundaryLayerExp(n2101517400544, GM_entityByTag(r2101501880752, 2, 103), 1, 1, "5", {"enhanceFirstHeight103($x,$y,$z)", "enhanceTotalHeight103($x,$y,$z)"}, 1, 0, 0)
-- MS_setBoundaryLayerExp(n2101517400544, GM_entityByTag(r2101501880752, 2, 104), 1, 1, "5", {"enhanceFirstHeight104($x,$y,$z)", "enhanceTotalHeight104($x,$y,$z)"}, 1, 0, 0)
MS_setBoundaryLayerExp(n2101517400544, GM_entityByTag(r2101501880752, 2, 104), 1, 1, "5", {"enhanceFirstHeight104($x,$y,$z)", "enhanceTotalHeight104($x,$y,$z)"}, 1, 0, 0)
-- MS_setBoundaryLayerExp(n2101517400544, GM_entityByTag(r2101501880752, 2, 105), 1, 1, "5", {"enhanceFirstHeight105($x,$y,$z)", "enhanceTotalHeight105($x,$y,$z)"}, 1, 0, 0)
MS_setBoundaryLayerExp(n2101517400544, GM_entityByTag(r2101501880752, 2, 105), 1, 1, "5", {"enhanceFirstHeight105($x,$y,$z)", "enhanceTotalHeight105($x,$y,$z)"}, 1, 0, 0)
-- MS_setBoundaryLayerExp(n2101517400544, GM_entityByTag(r2101501880752, 2, 106), 1, 1, "5", {"enhanceFirstHeight106($x,$y,$z)", "enhanceTotalHeight106($x,$y,$z)"}, 1, 0, 0)
MS_setBoundaryLayerExp(n2101517400544, GM_entityByTag(r2101501880752, 2, 106), 1, 1, "5", {"enhanceFirstHeight106($x,$y,$z)", "enhanceTotalHeight106($x,$y,$z)"}, 1, 0, 0)
-- MS_setBoundaryLayerExp(n2101517400544, GM_entityByTag(r2101501880752, 2, 107), 1, 1, "5", {"enhanceFirstHeight107($x,$y,$z)", "enhanceTotalHeight107($x,$y,$z)"}, 1, 0, 0)
MS_setBoundaryLayerExp(n2101517400544, GM_entityByTag(r2101501880752, 2, 107), 1, 1, "5", {"enhanceFirstHeight107($x,$y,$z)", "enhanceTotalHeight107($x,$y,$z)"}, 1, 0, 0)
-- MS_setBoundaryLayerExp(n2101517400544, GM_entityByTag(r2101501880752, 2, 108), 1, 1, "5", {"enhanceFirstHeight108($x,$y,$z)", "enhanceTotalHeight108($x,$y,$z)"}, 1, 0, 0)
MS_setBoundaryLayerExp(n2101517400544, GM_entityByTag(r2101501880752, 2, 108), 1, 1, "5", {"enhanceFirstHeight108($x,$y,$z)", "enhanceTotalHeight108($x,$y,$z)"}, 1, 0, 0)
-- MS_setBoundaryLayerExp(n2101517400544, GM_entityByTag(r2101501880752, 2, 109), 1, 1, "5", {"enhanceFirstHeight109($x,$y,$z)", "enhanceTotalHeight109($x,$y,$z)"}, 1, 0, 0)
MS_setBoundaryLayerExp(n2101517400544, GM_entityByTag(r2101501880752, 2, 109), 1, 1, "5", {"enhanceFirstHeight109($x,$y,$z)", "enhanceTotalHeight109($x,$y,$z)"}, 1, 0, 0)
-- MS_setBoundaryLayerExp(n2101517400544, GM_entityByTag(r2101501880752, 2, 110), 1, 1, "5", {"enhanceFirstHeight110($x,$y,$z)", "enhanceTotalHeight110($x,$y,$z)"}, 1, 0, 0)
MS_setBoundaryLayerExp(n2101517400544, GM_entityByTag(r2101501880752, 2, 110), 1, 1, "5", {"enhanceFirstHeight110($x,$y,$z)", "enhanceTotalHeight110($x,$y,$z)"}, 1, 0, 0)
-- MS_setBoundaryLayerExp(n2101517400544, GM_entityByTag(r2101501880752, 2, 111), 1, 1, "5", {"enhanceFirstHeight111($x,$y,$z)", "enhanceTotalHeight111($x,$y,$z)"}, 1, 0, 0)
MS_setBoundaryLayerExp(n2101517400544, GM_entityByTag(r2101501880752, 2, 111), 1, 1, "5", {"enhanceFirstHeight111($x,$y,$z)", "enhanceTotalHeight111($x,$y,$z)"}, 1, 0, 0)
-- MS_setBoundaryLayerExp(n2101517400544, GM_entityByTag(r2101501880752, 2, 112), 1, 1, "5", {"enhanceFirstHeight112($x,$y,$z)", "enhanceTotalHeight112($x,$y,$z)"}, 1, 0, 0)
MS_setBoundaryLayerExp(n2101517400544, GM_entityByTag(r2101501880752, 2, 112), 1, 1, "5", {"enhanceFirstHeight112($x,$y,$z)", "enhanceTotalHeight112($x,$y,$z)"}, 1, 0, 0)
-- MS_setBoundaryLayerExp(n2101517400544, GM_entityByTag(r2101501880752, 2, 113), 1, 1, "5", {"enhanceFirstHeight113($x,$y,$z)", "enhanceTotalHeight113($x,$y,$z)"}, 1, 0, 0)
MS_setBoundaryLayerExp(n2101517400544, GM_entityByTag(r2101501880752, 2, 113), 1, 1, "5", {"enhanceFirstHeight113($x,$y,$z)", "enhanceTotalHeight113($x,$y,$z)"}, 1, 0, 0)
-- MS_setBoundaryLayerExp(n2101517400544, GM_entityByTag(r2101501880752, 2, 114), 1, 1, "5", {"enhanceFirstHeight114($x,$y,$z)", "enhanceTotalHeight114($x,$y,$z)"}, 1, 0, 0)
MS_setBoundaryLayerExp(n2101517400544, GM_entityByTag(r2101501880752, 2, 114), 1, 1, "5", {"enhanceFirstHeight114($x,$y,$z)", "enhanceTotalHeight114($x,$y,$z)"}, 1, 0, 0)
-- MS_setBoundaryLayerExp(n2101517400544, GM_entityByTag(r2101501880752, 2, 115), 1, 1, "5", {"enhanceFirstHeight115($x,$y,$z)", "enhanceTotalHeight115($x,$y,$z)"}, 1, 0, 0)
MS_setBoundaryLayerExp(n2101517400544, GM_entityByTag(r2101501880752, 2, 115), 1, 1, "5", {"enhanceFirstHeight115($x,$y,$z)", "enhanceTotalHeight115($x,$y,$z)"}, 1, 0, 0)
-- MS_setBoundaryLayerExp(n2101517400544, GM_entityByTag(r2101501880752, 2, 116), 0, 1, "5", {"enhanceFirstHeight116($x,$y,$z)", "enhanceTotalHeight116($x,$y,$z)"}, 1, 0, 0)
MS_setBoundaryLayerExp(n2101517400544, GM_entityByTag(r2101501880752, 2, 116), 0, 1, "5", {"enhanceFirstHeight116($x,$y,$z)", "enhanceTotalHeight116($x,$y,$z)"}, 1, 0, 0)
-- SurfaceMesher_new(n2101517400544, r2101518490320)
p2101521783808 = SurfaceMesher_new(n2101517400544, r2101518490320)
-- Progress_new()
p2101521782320 = Progress_new()
-- Progress_setDefaultCallback(p2101521782320)
Progress_setDefaultCallback(p2101521782320)
-- SurfaceMesher_setSmoothing(p2101521783808, 3)
SurfaceMesher_setSmoothing(p2101521783808, 3)
-- SurfaceMesher_setOptimization(p2101521783808, 1)
SurfaceMesher_setOptimization(p2101521783808, 1)
-- SurfaceMesher_execute(p2101521783808, p2101521782320)
SurfaceMesher_execute(p2101521783808, p2101521782320)
-- SurfaceMesher_delete(p2101521783808)
SurfaceMesher_delete(p2101521783808)
-- Progress_delete(p2101521782320)
Progress_delete(p2101521782320)
-- Progress_new()
p2101521784304 = Progress_new()
-- Progress_setDefaultCallback(p2101521784304)
Progress_setDefaultCallback(p2101521784304)
-- VolumeMesher_new(n2101517400544, r2101518490320)
p2101489287600 = VolumeMesher_new(n2101517400544, r2101518490320)
-- VolumeMesher_setOptimization(p2101489287600, 1)
VolumeMesher_setOptimization(p2101489287600, 1)
-- VolumeMesher_setSmoothing(p2101489287600, 1)
VolumeMesher_setSmoothing(p2101489287600, 1)
-- VolumeMesher_setDoStructuredMeshing(p2101489287600, 1)
VolumeMesher_setDoStructuredMeshing(p2101489287600, 1)
-- VolumeMesher_setDoUnstructuredMeshing(p2101489287600, 1)
VolumeMesher_setDoUnstructuredMeshing(p2101489287600, 1)
-- VolumeMesher_setEnforceSize(p2101489287600, 1)
VolumeMesher_setEnforceSize(p2101489287600, 1)
-- VolumeMesher_execute(p2101489287600, p2101521784304)
VolumeMesher_execute(p2101489287600, p2101521784304)
-- VolumeMesher_delete(p2101489287600)
VolumeMesher_delete(p2101489287600)
-- Progress_delete(p2101521784304)
Progress_delete(p2101521784304)
-- M_write(r2101518490320, "C:/Users/USER/Documents/Project CES/Anduril F1/CFD - T2 (( Trail 1/F1-V2 SUCCESS/Design 1/Scenario 1/job/Scenario 1.sms", 0, nil)
M_write(r2101518490320, "C:/Users/USER/Documents/Project CES/Anduril F1/CFD - T2 (( Trail 1/F1-V2 SUCCESS/Design 1/Scenario 1/job/Scenario 1.sms", 0, nil)
-- M_release(r2101518490320)
M_release(r2101518490320)
-- MS_deleteMeshCase(n2101517400544)
MS_deleteMeshCase(n2101517400544)
-- GM_release(r2101501880752)
GM_release(r2101501880752)
-- NM_release(r2101491693520)
NM_release(r2101491693520)
-- SimASM_stop(1)
SimASM_stop(1)
-- SimAdvMeshing_stop()
SimAdvMeshing_stop()
-- Sim_unregisterAllKeys()
-- Sim_unregisterAllKeys()
-- MS_exit()
MS_exit()
